[Errno 2] No such file or directory: '/home/tfarley/home/tfarley/.fire/pickle_output_archive/rir/rir044958.p'
Failed to reivew shot 44958
Traceback (most recent call last):
  File "/home/tfarley/repos/air/fire/scripts/review_analysed_shots.py", line 552, in review_latest_shots
    review_analysed_shot_pickle(pulse=shot, camera=camera, debug_figures=debug, recompute=recompute)
  File "/home/tfarley/repos/air/fire/scripts/review_analysed_shots.py", line 36, in review_analysed_shot_pickle
    generate=True, recompute=recompute)[pulse]
  File "/home/tfarley/repos/air/fire/scripts/read_pickled_ir_data.py", line 52, in read_data_for_pulses_pickle
    scheduler=False, debug=debug)
  File "/home/tfarley/repos/air/fire/scripts/scheduler_workflow.py", line 125, in scheduler_workflow
    file_id, path_fn = putdata_create(fn='ait044852.nc', path='/home/tfarley/repos/air', client=client, **meta_data)
  File "/home/tfarley/repos/air/fire/interfaces/uda_utils.py", line 679, in putdata_create
    raise e
  File "/home/tfarley/repos/air/fire/interfaces/uda_utils.py", line 670, in putdata_create
    file_id = client.put(fn, step_id="create", **create_kwargs)
  File "/usr/local/depot/uda-mast-1.3.4/python/mast/mast_client.py", line 584, in put
    raise cpyuda.UDAException(ret.error_message().decode())
cpyuda.UDAException: Unable to Create the requested netCDF4 File
[Errno 2] No such file or directory: '/home/tfarley/home/tfarley/.fire/pickle_output_archive/rir/rir044957.p'
Failed to reivew shot 44957
Traceback (most recent call last):
  File "/home/tfarley/repos/air/fire/scripts/review_analysed_shots.py", line 552, in review_latest_shots
    review_analysed_shot_pickle(pulse=shot, camera=camera, debug_figures=debug, recompute=recompute)
  File "/home/tfarley/repos/air/fire/scripts/review_analysed_shots.py", line 36, in review_analysed_shot_pickle
    generate=True, recompute=recompute)[pulse]
  File "/home/tfarley/repos/air/fire/scripts/read_pickled_ir_data.py", line 52, in read_data_for_pulses_pickle
    scheduler=False, debug=debug)
  File "/home/tfarley/repos/air/fire/scripts/scheduler_workflow.py", line 168, in scheduler_workflow
    check_output=True, substitute_unknown_values=(not scheduler))
  File "/home/tfarley/repos/air/fire/plugins/plugins_movie.py", line 130, in read_movie_meta_data
    raise IOError(f'Failed to read movie for {machine}, {camera}, {pulse} with plugins {plugin_names}.\n'
OSError: Failed to read movie for mast_u, rir, 44957 with plugins ['ipx', 'ats_movie', 'uda', 'npz', 'imstack'].
Exceptions: 
Failed to read movie data with movie plugins ['ipx'] from paths:
 ['/net/fuslsc.mast.l/data/MAST_IMAGES/0{pulse_prefix}/{pulse}/', '/net/fuslsc/data/MAST_Data/{pulse}/LATEST/', '~/data/movies/{machine}/{pulse}/{camera}/', '/net/fuslsa/data/MAST_IMAGES/0{pulse_prefix}/{pulse}/', '{fire_path}/../tests/test_data/{machine}/', '/scratch/ir_movies_mastu/{machine}/{pulse}/{camera}/', '/home/tfarley/data/movies/{machine}/{pulse}/{camera}/', '~/data/movies/mast_u/rit_ipx_files/', '~/data/movies/mast_u/rir_ats_files/test/', '~/data/movies/mast_u/rir_ats_files/.*/'] 
with filename formats: 
['{camera}0{pulse}.ipx', '{camera}_{pulse}.npz', '{camera}_{pulse}.raw', '0{pulse}.ats', 'rir-0{pulse}.ats'] 
for plugin args: 
{'machine': 'mast_u', 'camera': 'rir', 'pulse': 44957, 'n_start': None, 'n_end': None, 'stride': 1, 'frame_numbers': None, 'movie_paths': ['/net/fuslsc.mast.l/data/MAST_IMAGES/0{pulse_prefix}/{pulse}/', '/net/fuslsc/data/MAST_Data/{pulse}/LATEST/', '~/data/movies/{machine}/{pulse}/{camera}/', '/net/fuslsa/data/MAST_IMAGES/0{pulse_prefix}/{pulse}/', '{fire_path}/../tests/test_data/{machine}/', '/scratch/ir_movies_mastu/{machine}/{pulse}/{camera}/', '/home/tfarley/data/movies/{machine}/{pulse}/{camera}/', '~/data/movies/mast_u/rit_ipx_files/', '~/data/movies/mast_u/rir_ats_files/test/', '~/data/movies/mast_u/rir_ats_files/.*/'], 'movie_fns': ['{camera}0{pulse}.ipx', '{camera}_{pulse}.npz', '{camera}_{pulse}.raw', '0{pulse}.ats', 'rir-0{pulse}.ats'], 'transforms': (), 'pulse_prefix': '44', 'fire_path': '/home/tfarley/repos/air/fire'}

Failed to read movie data with movie plugins ['ats_movie'] from paths:
 ['/net/fuslsc.mast.l/data/MAST_IMAGES/0{pulse_prefix}/{pulse}/', '/net/fuslsc/data/MAST_Data/{pulse}/LATEST/', '~/data/movies/{machine}/{pulse}/{camera}/', '/net/fuslsa/data/MAST_IMAGES/0{pulse_prefix}/{pulse}/', '{fire_path}/../tests/test_data/{machine}/', '/scratch/ir_movies_mastu/{machine}/{pulse}/{camera}/', '/home/tfarley/data/movies/{machine}/{pulse}/{camera}/', '~/data/movies/mast_u/rit_ipx_files/', '~/data/movies/mast_u/rir_ats_files/test/', '~/data/movies/mast_u/rir_ats_files/.*/'] 
with filename formats: 
['{camera}0{pulse}.ipx', '{camera}_{pulse}.npz', '{camera}_{pulse}.raw', '0{pulse}.ats', 'rir-0{pulse}.ats'] 
for plugin args: 
{'machine': 'mast_u', 'camera': 'rir', 'pulse': 44957, 'n_start': None, 'n_end': None, 'stride': 1, 'frame_numbers': None, 'movie_paths': ['/net/fuslsc.mast.l/data/MAST_IMAGES/0{pulse_prefix}/{pulse}/', '/net/fuslsc/data/MAST_Data/{pulse}/LATEST/', '~/data/movies/{machine}/{pulse}/{camera}/', '/net/fuslsa/data/MAST_IMAGES/0{pulse_prefix}/{pulse}/', '{fire_path}/../tests/test_data/{machine}/', '/scratch/ir_movies_mastu/{machine}/{pulse}/{camera}/', '/home/tfarley/data/movies/{machine}/{pulse}/{camera}/', '~/data/movies/mast_u/rit_ipx_files/', '~/data/movies/mast_u/rir_ats_files/test/', '~/data/movies/mast_u/rir_ats_files/.*/'], 'movie_fns': ['{camera}0{pulse}.ipx', '{camera}_{pulse}.npz', '{camera}_{pulse}.raw', '0{pulse}.ats', 'rir-0{pulse}.ats'], 'transforms': (), 'pulse_prefix': '44', 'fire_path': '/home/tfarley/repos/air/fire'}

Failed to read movie data with movie plugins ['uda'] from paths:
 ['/net/fuslsc.mast.l/data/MAST_IMAGES/0{pulse_prefix}/{pulse}/', '/net/fuslsc/data/MAST_Data/{pulse}/LATEST/', '~/data/movies/{machine}/{pulse}/{camera}/', '/net/fuslsa/data/MAST_IMAGES/0{pulse_prefix}/{pulse}/', '{fire_path}/../tests/test_data/{machine}/', '/scratch/ir_movies_mastu/{machine}/{pulse}/{camera}/', '/home/tfarley/data/movies/{machine}/{pulse}/{camera}/', '~/data/movies/mast_u/rit_ipx_files/', '~/data/movies/mast_u/rir_ats_files/test/', '~/data/movies/mast_u/rir_ats_files/.*/'] 
with filename formats: 
['{camera}0{pulse}.ipx', '{camera}_{pulse}.npz', '{camera}_{pulse}.raw', '0{pulse}.ats', 'rir-0{pulse}.ats'] 
for plugin args: 
{'machine': 'mast_u', 'camera': 'rir', 'pulse': 44957, 'n_start': None, 'n_end': None, 'stride': 1, 'frame_numbers': None, 'movie_paths': ['/net/fuslsc.mast.l/data/MAST_IMAGES/0{pulse_prefix}/{pulse}/', '/net/fuslsc/data/MAST_Data/{pulse}/LATEST/', '~/data/movies/{machine}/{pulse}/{camera}/', '/net/fuslsa/data/MAST_IMAGES/0{pulse_prefix}/{pulse}/', '{fire_path}/../tests/test_data/{machine}/', '/scratch/ir_movies_mastu/{machine}/{pulse}/{camera}/', '/home/tfarley/data/movies/{machine}/{pulse}/{camera}/', '~/data/movies/mast_u/rit_ipx_files/', '~/data/movies/mast_u/rir_ats_files/test/', '~/data/movies/mast_u/rir_ats_files/.*/'], 'movie_fns': ['{camera}0{pulse}.ipx', '{camera}_{pulse}.npz', '{camera}_{pulse}.raw', '0{pulse}.ats', 'rir-0{pulse}.ats'], 'transforms': (), 'pulse_prefix': '44', 'fire_path': '/home/tfarley/repos/air/fire'}

Failed to read movie data with movie plugins ['npz'] from paths:
 ['/net/fuslsc.mast.l/data/MAST_IMAGES/0{pulse_prefix}/{pulse}/', '/net/fuslsc/data/MAST_Data/{pulse}/LATEST/', '~/data/movies/{machine}/{pulse}/{camera}/', '/net/fuslsa/data/MAST_IMAGES/0{pulse_prefix}/{pulse}/', '{fire_path}/../tests/test_data/{machine}/', '/scratch/ir_movies_mastu/{machine}/{pulse}/{camera}/', '/home/tfarley/data/movies/{machine}/{pulse}/{camera}/', '~/data/movies/mast_u/rit_ipx_files/', '~/data/movies/mast_u/rir_ats_files/test/', '~/data/movies/mast_u/rir_ats_files/.*/'] 
with filename formats: 
['{camera}0{pulse}.ipx', '{camera}_{pulse}.npz', '{camera}_{pulse}.raw', '0{pulse}.ats', 'rir-0{pulse}.ats'] 
for plugin args: 
{'machine': 'mast_u', 'camera': 'rir', 'pulse': 44957, 'n_start': None, 'n_end': None, 'stride': 1, 'frame_numbers': None, 'movie_paths': ['/net/fuslsc.mast.l/data/MAST_IMAGES/0{pulse_prefix}/{pulse}/', '/net/fuslsc/data/MAST_Data/{pulse}/LATEST/', '~/data/movies/{machine}/{pulse}/{camera}/', '/net/fuslsa/data/MAST_IMAGES/0{pulse_prefix}/{pulse}/', '{fire_path}/../tests/test_data/{machine}/', '/scratch/ir_movies_mastu/{machine}/{pulse}/{camera}/', '/home/tfarley/data/movies/{machine}/{pulse}/{camera}/', '~/data/movies/mast_u/rit_ipx_files/', '~/data/movies/mast_u/rir_ats_files/test/', '~/data/movies/mast_u/rir_ats_files/.*/'], 'movie_fns': ['{camera}0{pulse}.ipx', '{camera}_{pulse}.npz', '{camera}_{pulse}.raw', '0{pulse}.ats', 'rir-0{pulse}.ats'], 'transforms': (), 'pulse_prefix': '44', 'fire_path': '/home/tfarley/repos/air/fire'}

Failed to read movie data with movie plugins ['imstack'] from paths:
 ['/net/fuslsc.mast.l/data/MAST_IMAGES/0{pulse_prefix}/{pulse}/', '/net/fuslsc/data/MAST_Data/{pulse}/LATEST/', '~/data/movies/{machine}/{pulse}/{camera}/', '/net/fuslsa/data/MAST_IMAGES/0{pulse_prefix}/{pulse}/', '{fire_path}/../tests/test_data/{machine}/', '/scratch/ir_movies_mastu/{machine}/{pulse}/{camera}/', '/home/tfarley/data/movies/{machine}/{pulse}/{camera}/', '~/data/movies/mast_u/rit_ipx_files/', '~/data/movies/mast_u/rir_ats_files/test/', '~/data/movies/mast_u/rir_ats_files/.*/'] 
with filename formats: 
['{camera}0{pulse}.ipx', '{camera}_{pulse}.npz', '{camera}_{pulse}.raw', '0{pulse}.ats', 'rir-0{pulse}.ats'] 
for plugin args: 
{'machine': 'mast_u', 'camera': 'rir', 'pulse': 44957, 'n_start': None, 'n_end': None, 'stride': 1, 'frame_numbers': None, 'movie_paths': ['/net/fuslsc.mast.l/data/MAST_IMAGES/0{pulse_prefix}/{pulse}/', '/net/fuslsc/data/MAST_Data/{pulse}/LATEST/', '~/data/movies/{machine}/{pulse}/{camera}/', '/net/fuslsa/data/MAST_IMAGES/0{pulse_prefix}/{pulse}/', '{fire_path}/../tests/test_data/{machine}/', '/scratch/ir_movies_mastu/{machine}/{pulse}/{camera}/', '/home/tfarley/data/movies/{machine}/{pulse}/{camera}/', '~/data/movies/mast_u/rit_ipx_files/', '~/data/movies/mast_u/rir_ats_files/test/', '~/data/movies/mast_u/rir_ats_files/.*/'], 'movie_fns': ['{camera}0{pulse}.ipx', '{camera}_{pulse}.npz', '{camera}_{pulse}.raw', '0{pulse}.ats', 'rir-0{pulse}.ats'], 'transforms': (), 'pulse_prefix': '44', 'fire_path': '/home/tfarley/repos/air/fire'}
