Path_in: /home/tfarley/data/movies/mast_u/rir_ats_files/2021-09-17
INFO:fire.interfaces.io_basic:copy_file:567:   Copied "/home/tfarley/data/movies/mast_u/rir_ats_files/rir_meta.json" to "/home/tfarley/data/movies/mast_u/rir_ats_files/2021-09-17"
[44958 44957]
WARNING:fire.scripts.organise_ircam_raw_files:convert_ats_files_archive_to_ipx:529:   FLIR ats file does not exist for pulse 44958: 0{pulse}.ats
WARNING:fire.scripts.organise_ircam_raw_files:convert_ats_files_archive_to_ipx:529:   FLIR ats file does not exist for pulse 44957: 0{pulse}.ats
Successfully created ipx files for pulses [], failed for []
Reviewing mast_u, rir, 44958
Scheduler workflow: Importing modules
INFO:fire.scheduler_workflow:<module>:51:   Scheduler workflow: Figures will be output to: /home/tfarley/.fire/figures
INFO:fire.scheduler_workflow:scheduler_workflow:67:   Starting scheduler workflow run for inputs: mast_u, rir, 44958, 0
instruction: PUTDATA::open(directory=/tmp/putdata/home/tfarley/repos/air, filename=ait044852.nc, shot=44958, data_class='analysed data', code='FIRE', comment='Temperature, heat flux and other physics quantities derived from IR camera data', conventions='Fusion-1.1', pass_number=0, status=1, title='Processed infa-red camera data from scheduler for (up to) five IR cameras on MAST-U', version='0.1.0', debug=1, verbose=1, /create)
data to put: None
Reviewing mast_u, rir, 44957
INFO:fire.scheduler_workflow:scheduler_workflow:67:   Starting scheduler workflow run for inputs: mast_u, rir, 44957, 0
instruction: PUTDATA::open(directory=/tmp/putdata/home/tfarley/repos/air, filename=ait044852.nc, shot=44957, data_class='analysed data', code='FIRE', comment='Temperature, heat flux and other physics quantities derived from IR camera data', conventions='Fusion-1.1', pass_number=0, status=1, title='Processed infa-red camera data from scheduler for (up to) five IR cameras on MAST-U', version='0.1.0', debug=1, verbose=1, /create)
data to put: None
Opened file. File index is 0
INFO:fire.plugins.plugins:get_compatible_plugins:147:   Located machine plugins for: mast, jet, mast_u (filter: None)
WARNING:machine_plugins/mast_u.py:pulse_meta_data:426:   Failed to perform CPF query for 44957, tstart
WARNING:machine_plugins/mast_u.py:pulse_meta_data:426:   Failed to perform CPF query for 44957, tend
WARNING:machine_plugins/mast_u.py:pulse_meta_data:426:   Failed to perform CPF query for 44957, ip_max
WARNING:machine_plugins/mast_u.py:pulse_meta_data:426:   Failed to perform CPF query for 44957, tftstart
WARNING:machine_plugins/mast_u.py:pulse_meta_data:426:   Failed to perform CPF query for 44957, tftend
INFO:fire.plugins.plugins:get_compatible_plugins:147:   Located output_format plugins for: pickle_output, uda_putdata (filter: ['pickle_output', 'uda_putdata'])
INFO:fire.plugins.plugins:get_compatible_plugins:147:   Located movie plugins for: raw_movie, imstack, ipx, npz, ats_movie, uda (filter: ['ipx', 'ats_movie', 'uda', 'npz', 'imstack'])
Finished review of shots [44958 44957]: 
{'success': [], 'fail': [44958, 44957]}
