[Errno 2] No such file or directory: '/home/tfarley/home/tfarley/.fire/pickle_output_archive/rit/rit044958.p'
Failed to reivew shot 44958
Traceback (most recent call last):
  File "/home/tfarley/repos/air/fire/scripts/review_analysed_shots.py", line 552, in review_latest_shots
    review_analysed_shot_pickle(pulse=shot, camera=camera, debug_figures=debug, recompute=recompute)
  File "/home/tfarley/repos/air/fire/scripts/review_analysed_shots.py", line 36, in review_analysed_shot_pickle
    generate=True, recompute=recompute)[pulse]
  File "/home/tfarley/repos/air/fire/scripts/read_pickled_ir_data.py", line 52, in read_data_for_pulses_pickle
    scheduler=False, debug=debug)
  File "/home/tfarley/repos/air/fire/scripts/scheduler_workflow.py", line 168, in scheduler_workflow
    check_output=True, substitute_unknown_values=(not scheduler))
  File "/home/tfarley/repos/air/fire/plugins/plugins_movie.py", line 130, in read_movie_meta_data
    raise IOError(f'Failed to read movie for {machine}, {camera}, {pulse} with plugins {plugin_names}.\n'
OSError: Failed to read movie for mast_u, rit, 44958 with plugins ['uda', 'ipx', 'raw_movie', 'npz', 'imstack'].
Exceptions: 
Failed to read movie data with movie plugins ['uda'] from paths:
 ['/net/fuslsc.mast.l/data/MAST_IMAGES/0{pulse_prefix}/{pulse}/', '/net/fuslsc/data/MAST_Data/{pulse}/LATEST/', '~/data/movies/{machine}/{pulse}/{camera}/', '/net/fuslsa/data/MAST_IMAGES/0{pulse_prefix}/{pulse}/', '{fire_path}/../tests/test_data/{machine}/', '/scratch/ir_movies_mastu/{machine}/{pulse}/{camera}/', '/home/tfarley/data/movies/{machine}/{pulse}/{camera}/', '~/data/movies/mast_u/rit_ipx_files/', '~/data/movies/mast_u/rir_ats_files/test/', '~/data/movies/mast_u/rir_ats_files/.*/'] 
with filename formats: 
['{camera}0{pulse}.ipx', '{camera}_{pulse}.npz', '{camera}_{pulse}.raw', '0{pulse}.ats', 'rir-0{pulse}.ats'] 
for plugin args: 
{'machine': 'mast_u', 'camera': 'rit', 'pulse': 44958, 'n_start': None, 'n_end': None, 'stride': 1, 'frame_numbers': None, 'movie_paths': ['/net/fuslsc.mast.l/data/MAST_IMAGES/0{pulse_prefix}/{pulse}/', '/net/fuslsc/data/MAST_Data/{pulse}/LATEST/', '~/data/movies/{machine}/{pulse}/{camera}/', '/net/fuslsa/data/MAST_IMAGES/0{pulse_prefix}/{pulse}/', '{fire_path}/../tests/test_data/{machine}/', '/scratch/ir_movies_mastu/{machine}/{pulse}/{camera}/', '/home/tfarley/data/movies/{machine}/{pulse}/{camera}/', '~/data/movies/mast_u/rit_ipx_files/', '~/data/movies/mast_u/rir_ats_files/test/', '~/data/movies/mast_u/rir_ats_files/.*/'], 'movie_fns': ['{camera}0{pulse}.ipx', '{camera}_{pulse}.npz', '{camera}_{pulse}.raw', '0{pulse}.ats', 'rir-0{pulse}.ats'], 'transforms': (), 'pulse_prefix': '44', 'fire_path': '/home/tfarley/repos/air/fire'}

Failed to read movie data with movie plugins ['ipx'] from paths:
 ['/net/fuslsc.mast.l/data/MAST_IMAGES/0{pulse_prefix}/{pulse}/', '/net/fuslsc/data/MAST_Data/{pulse}/LATEST/', '~/data/movies/{machine}/{pulse}/{camera}/', '/net/fuslsa/data/MAST_IMAGES/0{pulse_prefix}/{pulse}/', '{fire_path}/../tests/test_data/{machine}/', '/scratch/ir_movies_mastu/{machine}/{pulse}/{camera}/', '/home/tfarley/data/movies/{machine}/{pulse}/{camera}/', '~/data/movies/mast_u/rit_ipx_files/', '~/data/movies/mast_u/rir_ats_files/test/', '~/data/movies/mast_u/rir_ats_files/.*/'] 
with filename formats: 
['{camera}0{pulse}.ipx', '{camera}_{pulse}.npz', '{camera}_{pulse}.raw', '0{pulse}.ats', 'rir-0{pulse}.ats'] 
for plugin args: 
{'machine': 'mast_u', 'camera': 'rit', 'pulse': 44958, 'n_start': None, 'n_end': None, 'stride': 1, 'frame_numbers': None, 'movie_paths': ['/net/fuslsc.mast.l/data/MAST_IMAGES/0{pulse_prefix}/{pulse}/', '/net/fuslsc/data/MAST_Data/{pulse}/LATEST/', '~/data/movies/{machine}/{pulse}/{camera}/', '/net/fuslsa/data/MAST_IMAGES/0{pulse_prefix}/{pulse}/', '{fire_path}/../tests/test_data/{machine}/', '/scratch/ir_movies_mastu/{machine}/{pulse}/{camera}/', '/home/tfarley/data/movies/{machine}/{pulse}/{camera}/', '~/data/movies/mast_u/rit_ipx_files/', '~/data/movies/mast_u/rir_ats_files/test/', '~/data/movies/mast_u/rir_ats_files/.*/'], 'movie_fns': ['{camera}0{pulse}.ipx', '{camera}_{pulse}.npz', '{camera}_{pulse}.raw', '0{pulse}.ats', 'rir-0{pulse}.ats'], 'transforms': (), 'pulse_prefix': '44', 'fire_path': '/home/tfarley/repos/air/fire'}

Failed to read movie data with movie plugins ['raw_movie'] from paths:
 ['/net/fuslsc.mast.l/data/MAST_IMAGES/0{pulse_prefix}/{pulse}/', '/net/fuslsc/data/MAST_Data/{pulse}/LATEST/', '~/data/movies/{machine}/{pulse}/{camera}/', '/net/fuslsa/data/MAST_IMAGES/0{pulse_prefix}/{pulse}/', '{fire_path}/../tests/test_data/{machine}/', '/scratch/ir_movies_mastu/{machine}/{pulse}/{camera}/', '/home/tfarley/data/movies/{machine}/{pulse}/{camera}/', '~/data/movies/mast_u/rit_ipx_files/', '~/data/movies/mast_u/rir_ats_files/test/', '~/data/movies/mast_u/rir_ats_files/.*/'] 
with filename formats: 
['{camera}0{pulse}.ipx', '{camera}_{pulse}.npz', '{camera}_{pulse}.raw', '0{pulse}.ats', 'rir-0{pulse}.ats'] 
for plugin args: 
{'machine': 'mast_u', 'camera': 'rit', 'pulse': 44958, 'n_start': None, 'n_end': None, 'stride': 1, 'frame_numbers': None, 'movie_paths': ['/net/fuslsc.mast.l/data/MAST_IMAGES/0{pulse_prefix}/{pulse}/', '/net/fuslsc/data/MAST_Data/{pulse}/LATEST/', '~/data/movies/{machine}/{pulse}/{camera}/', '/net/fuslsa/data/MAST_IMAGES/0{pulse_prefix}/{pulse}/', '{fire_path}/../tests/test_data/{machine}/', '/scratch/ir_movies_mastu/{machine}/{pulse}/{camera}/', '/home/tfarley/data/movies/{machine}/{pulse}/{camera}/', '~/data/movies/mast_u/rit_ipx_files/', '~/data/movies/mast_u/rir_ats_files/test/', '~/data/movies/mast_u/rir_ats_files/.*/'], 'movie_fns': ['{camera}0{pulse}.ipx', '{camera}_{pulse}.npz', '{camera}_{pulse}.raw', '0{pulse}.ats', 'rir-0{pulse}.ats'], 'transforms': (), 'pulse_prefix': '44', 'fire_path': '/home/tfarley/repos/air/fire'}

Failed to read movie data with movie plugins ['npz'] from paths:
 ['/net/fuslsc.mast.l/data/MAST_IMAGES/0{pulse_prefix}/{pulse}/', '/net/fuslsc/data/MAST_Data/{pulse}/LATEST/', '~/data/movies/{machine}/{pulse}/{camera}/', '/net/fuslsa/data/MAST_IMAGES/0{pulse_prefix}/{pulse}/', '{fire_path}/../tests/test_data/{machine}/', '/scratch/ir_movies_mastu/{machine}/{pulse}/{camera}/', '/home/tfarley/data/movies/{machine}/{pulse}/{camera}/', '~/data/movies/mast_u/rit_ipx_files/', '~/data/movies/mast_u/rir_ats_files/test/', '~/data/movies/mast_u/rir_ats_files/.*/'] 
with filename formats: 
['{camera}0{pulse}.ipx', '{camera}_{pulse}.npz', '{camera}_{pulse}.raw', '0{pulse}.ats', 'rir-0{pulse}.ats'] 
for plugin args: 
{'machine': 'mast_u', 'camera': 'rit', 'pulse': 44958, 'n_start': None, 'n_end': None, 'stride': 1, 'frame_numbers': None, 'movie_paths': ['/net/fuslsc.mast.l/data/MAST_IMAGES/0{pulse_prefix}/{pulse}/', '/net/fuslsc/data/MAST_Data/{pulse}/LATEST/', '~/data/movies/{machine}/{pulse}/{camera}/', '/net/fuslsa/data/MAST_IMAGES/0{pulse_prefix}/{pulse}/', '{fire_path}/../tests/test_data/{machine}/', '/scratch/ir_movies_mastu/{machine}/{pulse}/{camera}/', '/home/tfarley/data/movies/{machine}/{pulse}/{camera}/', '~/data/movies/mast_u/rit_ipx_files/', '~/data/movies/mast_u/rir_ats_files/test/', '~/data/movies/mast_u/rir_ats_files/.*/'], 'movie_fns': ['{camera}0{pulse}.ipx', '{camera}_{pulse}.npz', '{camera}_{pulse}.raw', '0{pulse}.ats', 'rir-0{pulse}.ats'], 'transforms': (), 'pulse_prefix': '44', 'fire_path': '/home/tfarley/repos/air/fire'}

Failed to read movie data with movie plugins ['imstack'] from paths:
 ['/net/fuslsc.mast.l/data/MAST_IMAGES/0{pulse_prefix}/{pulse}/', '/net/fuslsc/data/MAST_Data/{pulse}/LATEST/', '~/data/movies/{machine}/{pulse}/{camera}/', '/net/fuslsa/data/MAST_IMAGES/0{pulse_prefix}/{pulse}/', '{fire_path}/../tests/test_data/{machine}/', '/scratch/ir_movies_mastu/{machine}/{pulse}/{camera}/', '/home/tfarley/data/movies/{machine}/{pulse}/{camera}/', '~/data/movies/mast_u/rit_ipx_files/', '~/data/movies/mast_u/rir_ats_files/test/', '~/data/movies/mast_u/rir_ats_files/.*/'] 
with filename formats: 
['{camera}0{pulse}.ipx', '{camera}_{pulse}.npz', '{camera}_{pulse}.raw', '0{pulse}.ats', 'rir-0{pulse}.ats'] 
for plugin args: 
{'machine': 'mast_u', 'camera': 'rit', 'pulse': 44958, 'n_start': None, 'n_end': None, 'stride': 1, 'frame_numbers': None, 'movie_paths': ['/net/fuslsc.mast.l/data/MAST_IMAGES/0{pulse_prefix}/{pulse}/', '/net/fuslsc/data/MAST_Data/{pulse}/LATEST/', '~/data/movies/{machine}/{pulse}/{camera}/', '/net/fuslsa/data/MAST_IMAGES/0{pulse_prefix}/{pulse}/', '{fire_path}/../tests/test_data/{machine}/', '/scratch/ir_movies_mastu/{machine}/{pulse}/{camera}/', '/home/tfarley/data/movies/{machine}/{pulse}/{camera}/', '~/data/movies/mast_u/rit_ipx_files/', '~/data/movies/mast_u/rir_ats_files/test/', '~/data/movies/mast_u/rir_ats_files/.*/'], 'movie_fns': ['{camera}0{pulse}.ipx', '{camera}_{pulse}.npz', '{camera}_{pulse}.raw', '0{pulse}.ats', 'rir-0{pulse}.ats'], 'transforms': (), 'pulse_prefix': '44', 'fire_path': '/home/tfarley/repos/air/fire'}
[Errno 2] No such file or directory: '/home/tfarley/home/tfarley/.fire/pickle_output_archive/rit/rit044957.p'
Failed to reivew shot 44957
Traceback (most recent call last):
  File "/home/tfarley/repos/air/fire/scripts/review_analysed_shots.py", line 552, in review_latest_shots
    review_analysed_shot_pickle(pulse=shot, camera=camera, debug_figures=debug, recompute=recompute)
  File "/home/tfarley/repos/air/fire/scripts/review_analysed_shots.py", line 36, in review_analysed_shot_pickle
    generate=True, recompute=recompute)[pulse]
  File "/home/tfarley/repos/air/fire/scripts/read_pickled_ir_data.py", line 52, in read_data_for_pulses_pickle
    scheduler=False, debug=debug)
  File "/home/tfarley/repos/air/fire/scripts/scheduler_workflow.py", line 168, in scheduler_workflow
    check_output=True, substitute_unknown_values=(not scheduler))
  File "/home/tfarley/repos/air/fire/plugins/plugins_movie.py", line 130, in read_movie_meta_data
    raise IOError(f'Failed to read movie for {machine}, {camera}, {pulse} with plugins {plugin_names}.\n'
OSError: Failed to read movie for mast_u, rit, 44957 with plugins ['uda', 'ipx', 'raw_movie', 'npz', 'imstack'].
Exceptions: 
Failed to read movie data with movie plugins ['uda'] from paths:
 ['/net/fuslsc.mast.l/data/MAST_IMAGES/0{pulse_prefix}/{pulse}/', '/net/fuslsc/data/MAST_Data/{pulse}/LATEST/', '~/data/movies/{machine}/{pulse}/{camera}/', '/net/fuslsa/data/MAST_IMAGES/0{pulse_prefix}/{pulse}/', '{fire_path}/../tests/test_data/{machine}/', '/scratch/ir_movies_mastu/{machine}/{pulse}/{camera}/', '/home/tfarley/data/movies/{machine}/{pulse}/{camera}/', '~/data/movies/mast_u/rit_ipx_files/', '~/data/movies/mast_u/rir_ats_files/test/', '~/data/movies/mast_u/rir_ats_files/.*/'] 
with filename formats: 
['{camera}0{pulse}.ipx', '{camera}_{pulse}.npz', '{camera}_{pulse}.raw', '0{pulse}.ats', 'rir-0{pulse}.ats'] 
for plugin args: 
{'machine': 'mast_u', 'camera': 'rit', 'pulse': 44957, 'n_start': None, 'n_end': None, 'stride': 1, 'frame_numbers': None, 'movie_paths': ['/net/fuslsc.mast.l/data/MAST_IMAGES/0{pulse_prefix}/{pulse}/', '/net/fuslsc/data/MAST_Data/{pulse}/LATEST/', '~/data/movies/{machine}/{pulse}/{camera}/', '/net/fuslsa/data/MAST_IMAGES/0{pulse_prefix}/{pulse}/', '{fire_path}/../tests/test_data/{machine}/', '/scratch/ir_movies_mastu/{machine}/{pulse}/{camera}/', '/home/tfarley/data/movies/{machine}/{pulse}/{camera}/', '~/data/movies/mast_u/rit_ipx_files/', '~/data/movies/mast_u/rir_ats_files/test/', '~/data/movies/mast_u/rir_ats_files/.*/'], 'movie_fns': ['{camera}0{pulse}.ipx', '{camera}_{pulse}.npz', '{camera}_{pulse}.raw', '0{pulse}.ats', 'rir-0{pulse}.ats'], 'transforms': (), 'pulse_prefix': '44', 'fire_path': '/home/tfarley/repos/air/fire'}

Failed to read movie data with movie plugins ['ipx'] from paths:
 ['/net/fuslsc.mast.l/data/MAST_IMAGES/0{pulse_prefix}/{pulse}/', '/net/fuslsc/data/MAST_Data/{pulse}/LATEST/', '~/data/movies/{machine}/{pulse}/{camera}/', '/net/fuslsa/data/MAST_IMAGES/0{pulse_prefix}/{pulse}/', '{fire_path}/../tests/test_data/{machine}/', '/scratch/ir_movies_mastu/{machine}/{pulse}/{camera}/', '/home/tfarley/data/movies/{machine}/{pulse}/{camera}/', '~/data/movies/mast_u/rit_ipx_files/', '~/data/movies/mast_u/rir_ats_files/test/', '~/data/movies/mast_u/rir_ats_files/.*/'] 
with filename formats: 
['{camera}0{pulse}.ipx', '{camera}_{pulse}.npz', '{camera}_{pulse}.raw', '0{pulse}.ats', 'rir-0{pulse}.ats'] 
for plugin args: 
{'machine': 'mast_u', 'camera': 'rit', 'pulse': 44957, 'n_start': None, 'n_end': None, 'stride': 1, 'frame_numbers': None, 'movie_paths': ['/net/fuslsc.mast.l/data/MAST_IMAGES/0{pulse_prefix}/{pulse}/', '/net/fuslsc/data/MAST_Data/{pulse}/LATEST/', '~/data/movies/{machine}/{pulse}/{camera}/', '/net/fuslsa/data/MAST_IMAGES/0{pulse_prefix}/{pulse}/', '{fire_path}/../tests/test_data/{machine}/', '/scratch/ir_movies_mastu/{machine}/{pulse}/{camera}/', '/home/tfarley/data/movies/{machine}/{pulse}/{camera}/', '~/data/movies/mast_u/rit_ipx_files/', '~/data/movies/mast_u/rir_ats_files/test/', '~/data/movies/mast_u/rir_ats_files/.*/'], 'movie_fns': ['{camera}0{pulse}.ipx', '{camera}_{pulse}.npz', '{camera}_{pulse}.raw', '0{pulse}.ats', 'rir-0{pulse}.ats'], 'transforms': (), 'pulse_prefix': '44', 'fire_path': '/home/tfarley/repos/air/fire'}

Failed to read movie data with movie plugins ['raw_movie'] from paths:
 ['/net/fuslsc.mast.l/data/MAST_IMAGES/0{pulse_prefix}/{pulse}/', '/net/fuslsc/data/MAST_Data/{pulse}/LATEST/', '~/data/movies/{machine}/{pulse}/{camera}/', '/net/fuslsa/data/MAST_IMAGES/0{pulse_prefix}/{pulse}/', '{fire_path}/../tests/test_data/{machine}/', '/scratch/ir_movies_mastu/{machine}/{pulse}/{camera}/', '/home/tfarley/data/movies/{machine}/{pulse}/{camera}/', '~/data/movies/mast_u/rit_ipx_files/', '~/data/movies/mast_u/rir_ats_files/test/', '~/data/movies/mast_u/rir_ats_files/.*/'] 
with filename formats: 
['{camera}0{pulse}.ipx', '{camera}_{pulse}.npz', '{camera}_{pulse}.raw', '0{pulse}.ats', 'rir-0{pulse}.ats'] 
for plugin args: 
{'machine': 'mast_u', 'camera': 'rit', 'pulse': 44957, 'n_start': None, 'n_end': None, 'stride': 1, 'frame_numbers': None, 'movie_paths': ['/net/fuslsc.mast.l/data/MAST_IMAGES/0{pulse_prefix}/{pulse}/', '/net/fuslsc/data/MAST_Data/{pulse}/LATEST/', '~/data/movies/{machine}/{pulse}/{camera}/', '/net/fuslsa/data/MAST_IMAGES/0{pulse_prefix}/{pulse}/', '{fire_path}/../tests/test_data/{machine}/', '/scratch/ir_movies_mastu/{machine}/{pulse}/{camera}/', '/home/tfarley/data/movies/{machine}/{pulse}/{camera}/', '~/data/movies/mast_u/rit_ipx_files/', '~/data/movies/mast_u/rir_ats_files/test/', '~/data/movies/mast_u/rir_ats_files/.*/'], 'movie_fns': ['{camera}0{pulse}.ipx', '{camera}_{pulse}.npz', '{camera}_{pulse}.raw', '0{pulse}.ats', 'rir-0{pulse}.ats'], 'transforms': (), 'pulse_prefix': '44', 'fire_path': '/home/tfarley/repos/air/fire'}

Failed to read movie data with movie plugins ['npz'] from paths:
 ['/net/fuslsc.mast.l/data/MAST_IMAGES/0{pulse_prefix}/{pulse}/', '/net/fuslsc/data/MAST_Data/{pulse}/LATEST/', '~/data/movies/{machine}/{pulse}/{camera}/', '/net/fuslsa/data/MAST_IMAGES/0{pulse_prefix}/{pulse}/', '{fire_path}/../tests/test_data/{machine}/', '/scratch/ir_movies_mastu/{machine}/{pulse}/{camera}/', '/home/tfarley/data/movies/{machine}/{pulse}/{camera}/', '~/data/movies/mast_u/rit_ipx_files/', '~/data/movies/mast_u/rir_ats_files/test/', '~/data/movies/mast_u/rir_ats_files/.*/'] 
with filename formats: 
['{camera}0{pulse}.ipx', '{camera}_{pulse}.npz', '{camera}_{pulse}.raw', '0{pulse}.ats', 'rir-0{pulse}.ats'] 
for plugin args: 
{'machine': 'mast_u', 'camera': 'rit', 'pulse': 44957, 'n_start': None, 'n_end': None, 'stride': 1, 'frame_numbers': None, 'movie_paths': ['/net/fuslsc.mast.l/data/MAST_IMAGES/0{pulse_prefix}/{pulse}/', '/net/fuslsc/data/MAST_Data/{pulse}/LATEST/', '~/data/movies/{machine}/{pulse}/{camera}/', '/net/fuslsa/data/MAST_IMAGES/0{pulse_prefix}/{pulse}/', '{fire_path}/../tests/test_data/{machine}/', '/scratch/ir_movies_mastu/{machine}/{pulse}/{camera}/', '/home/tfarley/data/movies/{machine}/{pulse}/{camera}/', '~/data/movies/mast_u/rit_ipx_files/', '~/data/movies/mast_u/rir_ats_files/test/', '~/data/movies/mast_u/rir_ats_files/.*/'], 'movie_fns': ['{camera}0{pulse}.ipx', '{camera}_{pulse}.npz', '{camera}_{pulse}.raw', '0{pulse}.ats', 'rir-0{pulse}.ats'], 'transforms': (), 'pulse_prefix': '44', 'fire_path': '/home/tfarley/repos/air/fire'}

Failed to read movie data with movie plugins ['imstack'] from paths:
 ['/net/fuslsc.mast.l/data/MAST_IMAGES/0{pulse_prefix}/{pulse}/', '/net/fuslsc/data/MAST_Data/{pulse}/LATEST/', '~/data/movies/{machine}/{pulse}/{camera}/', '/net/fuslsa/data/MAST_IMAGES/0{pulse_prefix}/{pulse}/', '{fire_path}/../tests/test_data/{machine}/', '/scratch/ir_movies_mastu/{machine}/{pulse}/{camera}/', '/home/tfarley/data/movies/{machine}/{pulse}/{camera}/', '~/data/movies/mast_u/rit_ipx_files/', '~/data/movies/mast_u/rir_ats_files/test/', '~/data/movies/mast_u/rir_ats_files/.*/'] 
with filename formats: 
['{camera}0{pulse}.ipx', '{camera}_{pulse}.npz', '{camera}_{pulse}.raw', '0{pulse}.ats', 'rir-0{pulse}.ats'] 
for plugin args: 
{'machine': 'mast_u', 'camera': 'rit', 'pulse': 44957, 'n_start': None, 'n_end': None, 'stride': 1, 'frame_numbers': None, 'movie_paths': ['/net/fuslsc.mast.l/data/MAST_IMAGES/0{pulse_prefix}/{pulse}/', '/net/fuslsc/data/MAST_Data/{pulse}/LATEST/', '~/data/movies/{machine}/{pulse}/{camera}/', '/net/fuslsa/data/MAST_IMAGES/0{pulse_prefix}/{pulse}/', '{fire_path}/../tests/test_data/{machine}/', '/scratch/ir_movies_mastu/{machine}/{pulse}/{camera}/', '/home/tfarley/data/movies/{machine}/{pulse}/{camera}/', '~/data/movies/mast_u/rit_ipx_files/', '~/data/movies/mast_u/rir_ats_files/test/', '~/data/movies/mast_u/rir_ats_files/.*/'], 'movie_fns': ['{camera}0{pulse}.ipx', '{camera}_{pulse}.npz', '{camera}_{pulse}.raw', '0{pulse}.ats', 'rir-0{pulse}.ats'], 'transforms': (), 'pulse_prefix': '44', 'fire_path': '/home/tfarley/repos/air/fire'}
