ERROR:fire.scripts.organise_ircam_raw_files:copy_raw_files_from_staging_area:454:   Failed to copy raw IRCAM files from: /home/tfarley/data/movies/diagnostic_pc_transfer/2021-09-17/
Traceback (most recent call last):
  File "/home/tfarley/repos/air/fire/scripts/organise_ircam_raw_files.py", line 452, in copy_raw_files_from_staging_area
    overwrite_ipx=overwrite_ipx)
  File "/home/tfarley/repos/air/fire/scripts/organise_ircam_raw_files.py", line 302, in organise_ircam_raw_files
    files = filter_files_in_dir(path_in, fn_pattern=fn_in, group_keys=fn_in_group_keys)  # , pulse=pulse_whitelist)
  File "/home/tfarley/repos/air/fire/interfaces/io_utils.py", line 92, in filter_files_in_dir
    raise IOError('Search directory "{}" does not exist'.format(path))
OSError: Search directory "/home/tfarley/data/movies/diagnostic_pc_transfer/2021-09-17" does not exist
Reviewing mast_u, rit, 44958
Scheduler workflow: Importing modules
INFO:fire.scheduler_workflow:<module>:51:   Scheduler workflow: Figures will be output to: /home/tfarley/.fire/figures
INFO:fire.scheduler_workflow:scheduler_workflow:67:   Starting scheduler workflow run for inputs: mast_u, rit, 44958, 0
instruction: PUTDATA::open(directory=/tmp/putdata/home/tfarley/repos/air, filename=ait044852.nc, shot=44958, data_class='analysed data', code='FIRE', comment='Temperature, heat flux and other physics quantities derived from IR camera data', conventions='Fusion-1.1', pass_number=0, status=1, title='Processed infa-red camera data from scheduler for (up to) five IR cameras on MAST-U', version='0.1.0', debug=1, verbose=1, /create)
data to put: None
Opened file. File index is 0
INFO:fire.plugins.plugins:get_compatible_plugins:147:   Located machine plugins for: mast, jet, mast_u (filter: None)
WARNING:machine_plugins/mast_u.py:pulse_meta_data:426:   Failed to perform CPF query for 44958, tstart
WARNING:machine_plugins/mast_u.py:pulse_meta_data:426:   Failed to perform CPF query for 44958, tend
WARNING:machine_plugins/mast_u.py:pulse_meta_data:426:   Failed to perform CPF query for 44958, ip_max
WARNING:machine_plugins/mast_u.py:pulse_meta_data:426:   Failed to perform CPF query for 44958, tftstart
WARNING:machine_plugins/mast_u.py:pulse_meta_data:426:   Failed to perform CPF query for 44958, tftend
INFO:fire.plugins.plugins:get_compatible_plugins:147:   Located output_format plugins for: pickle_output, uda_putdata (filter: ['pickle_output', 'uda_putdata'])
INFO:fire.plugins.plugins:get_compatible_plugins:147:   Located movie plugins for: raw_movie, imstack, ipx, npz, ats_movie, uda (filter: ['uda', 'ipx', 'raw_movie', 'npz', 'imstack'])
Reviewing mast_u, rit, 44957
INFO:fire.scheduler_workflow:scheduler_workflow:67:   Starting scheduler workflow run for inputs: mast_u, rit, 44957, 0
instruction: PUTDATA::open(directory=/tmp/putdata/home/tfarley/repos/air, filename=ait044852.nc, shot=44957, data_class='analysed data', code='FIRE', comment='Temperature, heat flux and other physics quantities derived from IR camera data', conventions='Fusion-1.1', pass_number=0, status=1, title='Processed infa-red camera data from scheduler for (up to) five IR cameras on MAST-U', version='0.1.0', debug=1, verbose=1, /create)
data to put: None
Opened file. File index is 1
INFO:fire.plugins.plugins:get_compatible_plugins:147:   Located machine plugins for: mast, jet, mast_u (filter: None)
WARNING:machine_plugins/mast_u.py:pulse_meta_data:426:   Failed to perform CPF query for 44957, tstart
WARNING:machine_plugins/mast_u.py:pulse_meta_data:426:   Failed to perform CPF query for 44957, tend
WARNING:machine_plugins/mast_u.py:pulse_meta_data:426:   Failed to perform CPF query for 44957, ip_max
WARNING:machine_plugins/mast_u.py:pulse_meta_data:426:   Failed to perform CPF query for 44957, tftstart
WARNING:machine_plugins/mast_u.py:pulse_meta_data:426:   Failed to perform CPF query for 44957, tftend
INFO:fire.plugins.plugins:get_compatible_plugins:147:   Located output_format plugins for: pickle_output, uda_putdata (filter: ['pickle_output', 'uda_putdata'])
INFO:fire.plugins.plugins:get_compatible_plugins:147:   Located movie plugins for: raw_movie, imstack, ipx, npz, ats_movie, uda (filter: ['uda', 'ipx', 'raw_movie', 'npz', 'imstack'])
Finished review of shots [44958 44957]: 
{'success': [], 'fail': [44958, 44957]}
