2021-09-17 09:03:23.594435: Shot number 44958 is correct
2021-09-17 09:09:13.355199: Incorrect shot number "44958" in /home/tfarley/data/movies/diagnostic_pc_transfer/next_mast_u_shot_no.csv (should be "44959", diff=1). Waiting 2.5 mins to update file
2021-09-17 09:11:43.409496: Wrote shot number 44959 to /home/tfarley/data/movies/diagnostic_pc_transfer/next_mast_u_shot_no.csv
Submitted rit intershot job
Your job 7280831 ("rit_analyse_last_shot.py") has been submitted

Submitted rir intershot job
Your job 7280832 ("rir_analyse_last_shot.py") has been submitted

2021-09-17 09:16:12.312999: Shot number 44959 is correct
2021-09-17 09:26:14.847907: Shot number 44959 is correct
2021-09-17 09:36:17.501500: Shot number 44959 is correct
2021-09-17 09:46:20.330433: Shot number 44959 is correct
2021-09-17 09:46:35.392475: Incorrect shot number "44959" in /home/tfarley/data/movies/diagnostic_pc_transfer/next_mast_u_shot_no.csv (should be "44960", diff=1). Waiting 2.5 mins to update file
2021-09-17 09:49:05.557633: Wrote shot number 44960 to /home/tfarley/data/movies/diagnostic_pc_transfer/next_mast_u_shot_no.csv
Submitted rit intershot job
Your job 7281056 ("rit_analyse_last_shot.py") has been submitted

Submitted rir intershot job
Your job 7281057 ("rir_analyse_last_shot.py") has been submitted

2021-09-17 09:53:52.164840: Incorrect shot number "44960" in /home/tfarley/data/movies/diagnostic_pc_transfer/next_mast_u_shot_no.csv (should be "44961", diff=1). Waiting 2.5 mins to update file
2021-09-17 09:56:22.279020: Wrote shot number 44961 to /home/tfarley/data/movies/diagnostic_pc_transfer/next_mast_u_shot_no.csv
Submitted rit intershot job
Your job 7281119 ("rit_analyse_last_shot.py") has been submitted

Submitted rir intershot job
Your job 7281120 ("rir_analyse_last_shot.py") has been submitted

2021-09-17 10:01:25.928719: Shot number 44961 is correct
2021-09-17 10:11:28.849552: Shot number 44961 is correct
2021-09-17 10:21:31.741381: Shot number 44961 is correct
2021-09-17 10:31:34.565185: Shot number 44961 is correct
2021-09-17 10:37:36.380387: Incorrect shot number "44962" in /home/tfarley/data/movies/diagnostic_pc_transfer/next_mast_u_shot_no.csv (should be "44961", diff=-1). Waiting 2.5 mins to update file
2021-09-17 10:40:06.489204: Wrote shot number 44961 to /home/tfarley/data/movies/diagnostic_pc_transfer/next_mast_u_shot_no.csv
Submitted rit intershot job
Your job 7281499 ("rit_analyse_last_shot.py") has been submitted

Submitted rir intershot job
Your job 7281500 ("rir_analyse_last_shot.py") has been submitted

2021-09-17 10:42:37.431646: Incorrect shot number "44962" in /home/tfarley/data/movies/diagnostic_pc_transfer/next_mast_u_shot_no.csv (should be "44961", diff=-1). Waiting 2.5 mins to update file
2021-09-17 10:45:07.445756: Wrote shot number 44961 to /home/tfarley/data/movies/diagnostic_pc_transfer/next_mast_u_shot_no.csv
Submitted rit intershot job
Your job 7281588 ("rit_analyse_last_shot.py") has been submitted

Submitted rir intershot job
Your job 7281589 ("rir_analyse_last_shot.py") has been submitted

2021-09-17 10:46:37.992262: Shot number 44961 is correct
2021-09-17 10:56:40.480921: Shot number 44961 is correct
2021-09-17 11:06:43.797344: Shot number 44961 is correct
2021-09-17 11:16:46.687277: Shot number 44961 is correct
2021-09-17 11:26:49.446341: Shot number 44961 is correct
2021-09-17 11:32:51.182464: Incorrect shot number "44961" in /home/tfarley/data/movies/diagnostic_pc_transfer/next_mast_u_shot_no.csv (should be "44962", diff=1). Waiting 2.5 mins to update file
2021-09-17 11:35:21.294394: Wrote shot number 44962 to /home/tfarley/data/movies/diagnostic_pc_transfer/next_mast_u_shot_no.csv
Submitted rit intershot job
Your job 7282313 ("rit_analyse_last_shot.py") has been submitted

Submitted rir intershot job
Your job 7282314 ("rir_analyse_last_shot.py") has been submitted

2021-09-17 11:39:22.666910: Shot number 44962 is correct
2021-09-17 11:49:25.552872: Shot number 44962 is correct
2021-09-17 11:54:57.147645: Incorrect shot number "44962" in /home/tfarley/data/movies/diagnostic_pc_transfer/next_mast_u_shot_no.csv (should be "44963", diff=1). Waiting 2.5 mins to update file
2021-09-17 11:57:27.259140: Wrote shot number 44963 to /home/tfarley/data/movies/diagnostic_pc_transfer/next_mast_u_shot_no.csv
Submitted rit intershot job
Your job 7282438 ("rit_analyse_last_shot.py") has been submitted

Submitted rir intershot job
Your job 7282439 ("rir_analyse_last_shot.py") has been submitted

2021-09-17 12:01:59.086471: Shot number 44963 is correct
2021-09-17 12:12:02.165041: Shot number 44963 is correct
2021-09-17 12:21:04.973963: Incorrect shot number "44963" in /home/tfarley/data/movies/diagnostic_pc_transfer/next_mast_u_shot_no.csv (should be "44964", diff=1). Waiting 2.5 mins to update file
2021-09-17 12:23:35.095318: Wrote shot number 44964 to /home/tfarley/data/movies/diagnostic_pc_transfer/next_mast_u_shot_no.csv
Submitted rit intershot job
Your job 7282539 ("rit_analyse_last_shot.py") has been submitted

Submitted rir intershot job
Your job 7282540 ("rir_analyse_last_shot.py") has been submitted

2021-09-17 12:24:38.447994: Shot number 44964 is correct
2021-09-17 12:34:41.363793: Shot number 44964 is correct
2021-09-17 12:44:44.601661: Shot number 44964 is correct
2021-09-17 12:48:30.984975: Incorrect shot number "44964" in /home/tfarley/data/movies/diagnostic_pc_transfer/next_mast_u_shot_no.csv (should be "44965", diff=1). Waiting 2.5 mins to update file
2021-09-17 12:51:01.033134: Wrote shot number 44965 to /home/tfarley/data/movies/diagnostic_pc_transfer/next_mast_u_shot_no.csv
Submitted rit intershot job
Your job 7282728 ("rit_analyse_last_shot.py") has been submitted

Submitted rir intershot job
Your job 7282729 ("rir_analyse_last_shot.py") has been submitted

2021-09-17 12:57:32.333628: Shot number 44965 is correct
2021-09-17 13:10:18.225336: Shot number 44965 is correct
2021-09-17 13:20:21.171672: Shot number 44965 is correct
2021-09-17 13:30:24.007381: Shot number 44965 is correct
2021-09-17 13:33:24.839663: Incorrect shot number "44965" in /home/tfarley/data/movies/diagnostic_pc_transfer/next_mast_u_shot_no.csv (should be "44966", diff=1). Waiting 2.5 mins to update file
2021-09-17 13:35:55.133164: Wrote shot number 44966 to /home/tfarley/data/movies/diagnostic_pc_transfer/next_mast_u_shot_no.csv
Submitted rit intershot job
Your job 7282886 ("rit_analyse_last_shot.py") has been submitted

Submitted rir intershot job
Your job 7282887 ("rir_analyse_last_shot.py") has been submitted

2021-09-17 13:42:57.697126: Shot number 44966 is correct
2021-09-17 13:53:01.046199: Shot number 44966 is correct
2021-09-17 13:55:01.800495: Incorrect shot number "44966" in /home/tfarley/data/movies/diagnostic_pc_transfer/next_mast_u_shot_no.csv (should be "44967", diff=1). Waiting 2.5 mins to update file
2021-09-17 13:57:31.906925: Wrote shot number 44967 to /home/tfarley/data/movies/diagnostic_pc_transfer/next_mast_u_shot_no.csv
Submitted rit intershot job
Your job 7282984 ("rit_analyse_last_shot.py") has been submitted

Submitted rir intershot job
Your job 7282985 ("rir_analyse_last_shot.py") has been submitted

2021-09-17 14:05:37.292479: Shot number 44967 is correct
2021-09-17 14:15:42.370693: Shot number 44967 is correct
2021-09-17 14:20:28.631051: Incorrect shot number "44967" in /home/tfarley/data/movies/diagnostic_pc_transfer/next_mast_u_shot_no.csv (should be "44968", diff=1). Waiting 2.5 mins to update file
2021-09-17 14:22:58.652041: Wrote shot number 44968 to /home/tfarley/data/movies/diagnostic_pc_transfer/next_mast_u_shot_no.csv
Submitted rit intershot job
Your job 7283529 ("rit_analyse_last_shot.py") has been submitted

Submitted rir intershot job
Your job 7283530 ("rir_analyse_last_shot.py") has been submitted

2021-09-17 14:28:15.367474: Shot number 44968 is correct
2021-09-17 14:38:18.133190: Shot number 44968 is correct
2021-09-17 14:48:21.519050: Shot number 44968 is correct
2021-09-17 14:58:24.395575: Shot number 44968 is correct
2021-09-17 15:08:27.907170: Shot number 44968 is correct
2021-09-17 15:15:18.111094: Incorrect shot number "44968" in /home/tfarley/data/movies/diagnostic_pc_transfer/next_mast_u_shot_no.csv (should be "44969", diff=1). Waiting 2.5 mins to update file
2021-09-17 15:17:48.321557: Wrote shot number 44969 to /home/tfarley/data/movies/diagnostic_pc_transfer/next_mast_u_shot_no.csv
Submitted rit intershot job
Your job 7285146 ("rit_analyse_last_shot.py") has been submitted

Submitted rir intershot job
Your job 7285147 ("rir_analyse_last_shot.py") has been submitted

2021-09-17 15:21:04.484259: Shot number 44969 is correct
2021-09-17 15:31:07.767237: Shot number 44969 is correct
2021-09-17 15:39:55.590789: Incorrect shot number "44969" in /home/tfarley/data/movies/diagnostic_pc_transfer/next_mast_u_shot_no.csv (should be "44970", diff=1). Waiting 2.5 mins to update file
2021-09-17 15:42:25.705487: Wrote shot number 44970 to /home/tfarley/data/movies/diagnostic_pc_transfer/next_mast_u_shot_no.csv
Submitted rit intershot job
Your job 7285243 ("rit_analyse_last_shot.py") has been submitted

Submitted rir intershot job
Your job 7285244 ("rir_analyse_last_shot.py") has been submitted

2021-09-17 15:43:41.281806: Shot number 44970 is correct
2021-09-17 15:53:44.107022: Shot number 44970 is correct
2021-09-17 16:00:16.232918: Incorrect shot number "44970" in /home/tfarley/data/movies/diagnostic_pc_transfer/next_mast_u_shot_no.csv (should be "44971", diff=1). Waiting 2.5 mins to update file
2021-09-17 16:02:46.334478: Wrote shot number 44971 to /home/tfarley/data/movies/diagnostic_pc_transfer/next_mast_u_shot_no.csv
Submitted rit intershot job
Your job 7285348 ("rit_analyse_last_shot.py") has been submitted

Submitted rir intershot job
Your job 7285349 ("rir_analyse_last_shot.py") has been submitted

2021-09-17 16:06:17.493494: Shot number 44971 is correct
2021-09-17 16:16:21.720832: Shot number 44971 is correct
2021-09-17 16:26:24.474657: Shot number 44971 is correct
2021-09-17 16:36:27.078541: Shot number 44971 is correct
2021-09-17 16:49:15.902972: Shot number 44971 is correct
2021-09-17 16:59:57.240440: Shot number 44971 is correct
2021-09-17 17:10:48.177357: Shot number 44971 is correct
2021-09-17 17:21:21.652424: Shot number 44971 is correct
2021-09-17 17:32:28.868349: Shot number 44971 is correct
2021-09-17 17:44:56.385218: Shot number 44971 is correct
2021-09-17 17:54:59.319145: Shot number 44971 is correct
2021-09-17 18:07:19.759805: Shot number 44971 is correct
2021-09-17 18:18:07.997014: Shot number 44971 is correct
2021-09-17 18:28:10.912819: Shot number 44971 is correct
2021-09-17 18:38:38.404940: Shot number 44971 is correct
2021-09-17 18:48:41.090259: Shot number 44971 is correct
2021-09-17 18:58:44.256458: Shot number 44971 is correct
2021-09-17 19:08:50.257806: Shot number 44971 is correct
2021-09-17 19:18:52.904918: Shot number 44971 is correct
2021-09-17 19:28:55.572700: Shot number 44971 is correct
2021-09-17 19:38:58.158777: Shot number 44971 is correct
2021-09-17 19:49:00.739388: Shot number 44971 is correct
2021-09-17 19:59:03.207833: Shot number 44971 is correct
2021-09-17 20:09:06.985195: Shot number 44971 is correct
2021-09-17 20:19:10.891239: Shot number 44971 is correct
2021-09-17 20:29:13.634501: Shot number 44971 is correct
2021-09-17 20:39:16.021571: Shot number 44971 is correct
2021-09-17 20:49:18.575770: Shot number 44971 is correct
2021-09-17 20:59:21.424966: Shot number 44971 is correct
2021-09-17 21:09:24.743497: Shot number 44971 is correct
2021-09-17 21:19:27.294879: Shot number 44971 is correct
2021-09-17 21:29:30.001584: Shot number 44971 is correct
2021-09-17 21:39:32.585183: Shot number 44971 is correct
2021-09-17 21:49:35.204051: Shot number 44971 is correct
2021-09-17 21:59:38.095791: Shot number 44971 is correct
2021-09-17 22:09:40.802654: Shot number 44971 is correct
2021-09-17 22:19:42.979089: Shot number 44971 is correct
2021-09-17 22:29:45.436037: Shot number 44971 is correct
2021-09-17 22:39:47.964966: Shot number 44971 is correct
2021-09-17 22:49:51.050318: Shot number 44971 is correct
2021-09-17 22:59:53.944028: Shot number 44971 is correct
2021-09-17 23:09:57.419399: Shot number 44971 is correct
2021-09-17 23:19:59.995320: Shot number 44971 is correct
2021-09-17 23:30:02.521161: Shot number 44971 is correct
2021-09-17 23:40:05.156970: Shot number 44971 is correct
2021-09-17 23:50:07.504577: Shot number 44971 is correct
2021-09-18 00:00:10.391471: Shot number 44971 is correct
2021-09-18 00:10:13.075818: Shot number 44971 is correct
2021-09-18 00:20:15.562427: Shot number 44971 is correct
2021-09-18 00:30:18.127328: Shot number 44971 is correct
2021-09-18 00:40:20.655534: Shot number 44971 is correct
2021-09-18 00:50:22.956193: Shot number 44971 is correct
2021-09-18 01:00:25.500154: Shot number 44971 is correct
2021-09-18 01:10:27.922168: Shot number 44971 is correct
2021-09-18 01:20:30.442335: Shot number 44971 is correct
2021-09-18 01:30:33.261751: Shot number 44971 is correct
2021-09-18 01:40:35.368343: Shot number 44971 is correct
2021-09-18 01:50:37.923261: Shot number 44971 is correct
2021-09-18 02:00:43.509272: Shot number 44971 is correct
2021-09-18 02:10:46.495535: Shot number 44971 is correct
2021-09-18 02:20:49.098329: Shot number 44971 is correct
2021-09-18 02:30:51.673003: Shot number 44971 is correct
2021-09-18 02:40:54.340599: Shot number 44971 is correct
2021-09-18 02:50:56.882718: Shot number 44971 is correct
2021-09-18 03:01:03.067047: Shot number 44971 is correct
2021-09-18 03:11:05.851614: Shot number 44971 is correct
2021-09-18 03:21:10.860379: Shot number 44971 is correct
2021-09-18 03:31:13.918527: Shot number 44971 is correct
2021-09-18 03:41:16.523189: Shot number 44971 is correct
2021-09-18 03:51:19.319276: Shot number 44971 is correct
2021-09-18 04:01:22.129444: Shot number 44971 is correct
2021-09-18 04:11:24.803947: Shot number 44971 is correct
2021-09-18 04:21:27.371111: Shot number 44971 is correct
2021-09-18 04:31:29.958678: Shot number 44971 is correct
2021-09-18 04:41:32.528969: Shot number 44971 is correct
2021-09-18 04:51:35.263583: Shot number 44971 is correct
2021-09-18 05:01:37.782901: Shot number 44971 is correct
2021-09-18 05:11:40.592645: Shot number 44971 is correct
2021-09-18 05:21:43.454808: Shot number 44971 is correct
2021-09-18 05:31:45.904965: Shot number 44971 is correct
2021-09-18 05:41:48.372505: Shot number 44971 is correct
2021-09-18 05:51:51.201161: Shot number 44971 is correct
2021-09-18 06:01:55.161195: Shot number 44971 is correct
2021-09-18 06:11:57.508269: Shot number 44971 is correct
2021-09-18 06:22:00.255350: Shot number 44971 is correct
2021-09-18 06:32:02.949835: Shot number 44971 is correct
2021-09-18 06:42:05.799266: Shot number 44971 is correct
2021-09-18 06:52:08.745996: Shot number 44971 is correct
2021-09-18 07:02:11.657633: Shot number 44971 is correct
2021-09-18 07:12:14.268479: Shot number 44971 is correct
2021-09-18 07:22:16.758422: Shot number 44971 is correct
2021-09-18 07:32:19.609419: Shot number 44971 is correct
2021-09-18 07:42:22.034567: Shot number 44971 is correct
2021-09-18 07:52:24.846174: Shot number 44971 is correct
2021-09-18 08:02:43.647734: Shot number 44971 is correct
2021-09-18 08:12:51.416348: Shot number 44971 is correct
2021-09-18 08:22:54.665827: Shot number 44971 is correct
2021-09-18 08:32:57.122522: Shot number 44971 is correct
2021-09-18 08:42:59.772669: Shot number 44971 is correct
2021-09-18 08:53:02.654179: Shot number 44971 is correct
2021-09-18 09:03:05.314145: Shot number 44971 is correct
2021-09-18 09:13:08.370669: Shot number 44971 is correct
2021-09-18 09:23:11.328473: Shot number 44971 is correct
2021-09-18 09:33:13.918778: Shot number 44971 is correct
2021-09-18 09:43:16.799607: Shot number 44971 is correct
2021-09-18 09:53:19.495063: Shot number 44971 is correct
2021-09-18 10:03:22.259939: Shot number 44971 is correct
2021-09-18 10:13:25.207142: Shot number 44971 is correct
2021-09-18 10:23:27.950566: Shot number 44971 is correct
2021-09-18 10:33:30.667169: Shot number 44971 is correct
2021-09-18 10:43:33.685727: Shot number 44971 is correct
2021-09-18 10:53:36.257573: Shot number 44971 is correct
2021-09-18 11:03:40.317157: Shot number 44971 is correct
2021-09-18 11:13:43.024441: Shot number 44971 is correct
2021-09-18 11:23:46.304505: Shot number 44971 is correct
2021-09-18 11:33:49.355787: Shot number 44971 is correct
2021-09-18 11:43:51.929964: Shot number 44971 is correct
2021-09-18 11:53:54.600846: Shot number 44971 is correct
2021-09-18 12:04:11.567752: Shot number 44971 is correct
2021-09-18 12:14:25.044558: Shot number 44971 is correct
2021-09-18 12:24:39.143192: Shot number 44971 is correct
2021-09-18 12:34:45.205262: Shot number 44971 is correct
2021-09-18 12:44:50.689619: Shot number 44971 is correct
2021-09-18 12:54:53.087124: Shot number 44971 is correct
2021-09-18 13:04:56.216419: Shot number 44971 is correct
2021-09-18 13:15:01.174285: Shot number 44971 is correct
2021-09-18 13:25:03.807911: Shot number 44971 is correct
2021-09-18 13:35:06.767635: Shot number 44971 is correct
2021-09-18 13:45:09.002120: Shot number 44971 is correct
2021-09-18 13:55:11.641089: Shot number 44971 is correct
2021-09-18 14:05:16.559056: Shot number 44971 is correct
2021-09-18 14:15:19.311109: Shot number 44971 is correct
2021-09-18 14:25:21.836114: Shot number 44971 is correct
2021-09-18 14:35:24.341599: Shot number 44971 is correct
2021-09-18 14:45:26.984351: Shot number 44971 is correct
2021-09-18 14:55:29.693006: Shot number 44971 is correct
2021-09-18 15:05:35.210116: Shot number 44971 is correct
2021-09-18 15:15:38.773286: Shot number 44971 is correct
2021-09-18 15:25:41.520857: Shot number 44971 is correct
2021-09-18 15:35:44.067763: Shot number 44971 is correct
2021-09-18 15:45:46.254633: Shot number 44971 is correct
2021-09-18 15:55:48.918665: Shot number 44971 is correct
2021-09-18 16:05:51.873512: Shot number 44971 is correct
2021-09-18 16:15:54.742027: Shot number 44971 is correct
2021-09-18 16:25:57.266689: Shot number 44971 is correct
2021-09-18 16:35:59.729852: Shot number 44971 is correct
2021-09-18 16:46:02.714218: Shot number 44971 is correct
2021-09-18 16:56:05.393691: Shot number 44971 is correct
2021-09-18 17:06:08.289572: Shot number 44971 is correct
2021-09-18 17:16:11.148897: Shot number 44971 is correct
2021-09-18 17:26:13.803044: Shot number 44971 is correct
2021-09-18 17:36:16.668841: Shot number 44971 is correct
2021-09-18 17:46:19.535141: Shot number 44971 is correct
2021-09-18 17:56:22.285533: Shot number 44971 is correct
2021-09-18 18:06:26.650557: Shot number 44971 is correct
2021-09-18 18:16:29.215506: Shot number 44971 is correct
2021-09-18 18:26:32.094506: Shot number 44971 is correct
2021-09-18 18:36:34.908035: Shot number 44971 is correct
2021-09-18 18:46:37.562032: Shot number 44971 is correct
2021-09-18 18:56:40.075678: Shot number 44971 is correct
2021-09-18 19:06:42.839931: Shot number 44971 is correct
2021-09-18 19:16:45.299005: Shot number 44971 is correct
2021-09-18 19:26:47.856644: Shot number 44971 is correct
2021-09-18 19:36:50.757670: Shot number 44971 is correct
2021-09-18 19:46:53.159243: Shot number 44971 is correct
2021-09-18 19:56:55.601966: Shot number 44971 is correct
2021-09-18 20:07:06.897411: Shot number 44971 is correct
2021-09-18 20:17:09.092316: Shot number 44971 is correct
2021-09-18 20:27:11.754049: Shot number 44971 is correct
2021-09-18 20:37:14.344390: Shot number 44971 is correct
2021-09-18 20:47:17.050064: Shot number 44971 is correct
2021-09-18 20:57:19.541409: Shot number 44971 is correct
2021-09-18 21:07:23.056062: Shot number 44971 is correct
2021-09-18 21:17:25.211257: Shot number 44971 is correct
2021-09-18 21:27:27.744971: Shot number 44971 is correct
2021-09-18 21:37:30.076926: Shot number 44971 is correct
2021-09-18 21:47:32.667902: Shot number 44971 is correct
2021-09-18 21:57:34.982630: Shot number 44971 is correct
2021-09-18 22:07:37.630555: Shot number 44971 is correct
2021-09-18 22:17:40.409265: Shot number 44971 is correct
2021-09-18 22:27:42.934935: Shot number 44971 is correct
2021-09-18 22:37:45.453410: Shot number 44971 is correct
2021-09-18 22:47:48.133698: Shot number 44971 is correct
2021-09-18 22:57:50.675863: Shot number 44971 is correct
2021-09-18 23:07:53.697023: Shot number 44971 is correct
2021-09-18 23:17:56.314655: Shot number 44971 is correct
2021-09-18 23:27:59.207369: Shot number 44971 is correct
2021-09-18 23:38:01.808723: Shot number 44971 is correct
2021-09-18 23:48:04.537213: Shot number 44971 is correct
2021-09-18 23:58:07.074247: Shot number 44971 is correct
2021-09-19 00:08:11.809078: Shot number 44971 is correct
2021-09-19 00:18:22.475695: Shot number 44971 is correct
2021-09-19 00:28:25.280876: Shot number 44971 is correct
2021-09-19 00:38:36.122219: Shot number 44971 is correct
2021-09-19 00:48:38.731487: Shot number 44971 is correct
2021-09-19 00:58:41.537054: Shot number 44971 is correct
2021-09-19 01:08:44.127145: Shot number 44971 is correct
2021-09-19 01:18:46.639166: Shot number 44971 is correct
2021-09-19 01:28:49.195689: Shot number 44971 is correct
2021-09-19 01:38:51.622753: Shot number 44971 is correct
2021-09-19 01:48:54.040843: Shot number 44971 is correct
2021-09-19 01:58:56.476202: Shot number 44971 is correct
2021-09-19 02:08:59.175831: Shot number 44971 is correct
2021-09-19 02:19:01.643499: Shot number 44971 is correct
2021-09-19 02:29:04.033587: Shot number 44971 is correct
2021-09-19 02:39:06.509049: Shot number 44971 is correct
2021-09-19 02:49:08.981198: Shot number 44971 is correct
2021-09-19 02:59:11.359711: Shot number 44971 is correct
2021-09-19 03:09:14.403407: Shot number 44971 is correct
2021-09-19 03:19:16.971062: Shot number 44971 is correct
2021-09-19 03:29:19.670853: Shot number 44971 is correct
2021-09-19 03:39:22.357837: Shot number 44971 is correct
2021-09-19 03:49:24.877493: Shot number 44971 is correct
2021-09-19 03:59:27.338252: Shot number 44971 is correct
2021-09-19 04:09:31.651875: Shot number 44971 is correct
2021-09-19 04:19:34.058786: Shot number 44971 is correct
2021-09-19 04:29:36.215205: Shot number 44971 is correct
2021-09-19 04:39:38.802976: Shot number 44971 is correct
2021-09-19 04:49:40.790121: Shot number 44971 is correct
2021-09-19 04:59:43.291206: Shot number 44971 is correct
2021-09-19 05:09:45.886992: Shot number 44971 is correct
2021-09-19 05:19:48.516992: Shot number 44971 is correct
2021-09-19 05:29:51.107230: Shot number 44971 is correct
2021-09-19 05:39:53.590583: Shot number 44971 is correct
2021-09-19 05:49:56.043919: Shot number 44971 is correct
2021-09-19 05:59:58.578860: Shot number 44971 is correct
2021-09-19 06:10:01.892457: Shot number 44971 is correct
2021-09-19 06:20:04.390473: Shot number 44971 is correct
2021-09-19 06:30:06.823637: Shot number 44971 is correct
2021-09-19 06:40:32.036273: Shot number 44971 is correct
2021-09-19 06:50:57.113147: Shot number 44971 is correct
2021-09-19 07:02:59.108076: Shot number 44971 is correct
2021-09-19 07:13:49.295426: Shot number 44971 is correct
2021-09-19 07:24:09.347459: Shot number 44971 is correct
2021-09-19 07:36:33.664174: Shot number 44971 is correct
2021-09-19 07:49:20.352719: Shot number 44971 is correct
2021-09-19 08:02:02.726269: Shot number 44971 is correct
2021-09-19 08:15:53.110326: Shot number 44971 is correct
2021-09-19 08:28:12.696876: Shot number 44971 is correct
2021-09-19 08:40:13.399126: Shot number 44971 is correct
2021-09-19 08:52:12.499176: Shot number 44971 is correct
2021-09-19 09:05:02.133205: Shot number 44971 is correct
2021-09-19 09:16:47.485339: Shot number 44971 is correct
2021-09-19 09:28:43.465993: Shot number 44971 is correct
2021-09-19 09:39:59.191717: Shot number 44971 is correct
2021-09-19 09:51:16.288751: Shot number 44971 is correct
2021-09-19 10:02:38.952451: Shot number 44971 is correct
2021-09-19 10:14:25.506615: Shot number 44971 is correct
2021-09-19 10:25:38.144717: Shot number 44971 is correct
2021-09-19 10:37:07.652462: Shot number 44971 is correct
2021-09-19 10:49:17.532450: Shot number 44971 is correct
2021-09-19 11:01:22.509024: Shot number 44971 is correct
2021-09-19 11:14:03.274287: Shot number 44971 is correct
2021-09-19 11:25:20.949415: Shot number 44971 is correct
2021-09-19 11:36:15.874037: Shot number 44971 is correct
2021-09-19 11:47:10.117697: Shot number 44971 is correct
2021-09-19 11:58:12.244222: Shot number 44971 is correct
2021-09-19 12:09:08.995576: Shot number 44971 is correct
2021-09-19 12:19:46.066534: Shot number 44971 is correct
2021-09-19 12:30:00.912160: Shot number 44971 is correct
2021-09-19 12:40:03.714669: Shot number 44971 is correct
2021-09-19 12:50:07.025295: Shot number 44971 is correct
2021-09-19 13:00:09.862157: Shot number 44971 is correct
2021-09-19 13:10:15.940964: Shot number 44971 is correct
2021-09-19 13:20:18.526929: Shot number 44971 is correct
2021-09-19 13:30:21.174634: Shot number 44971 is correct
2021-09-19 13:40:23.773573: Shot number 44971 is correct
2021-09-19 13:50:26.132518: Shot number 44971 is correct
2021-09-19 14:00:28.948481: Shot number 44971 is correct
2021-09-19 14:10:32.280825: Shot number 44971 is correct
2021-09-19 14:20:34.910151: Shot number 44971 is correct
2021-09-19 14:30:37.693591: Shot number 44971 is correct
2021-09-19 14:40:40.368196: Shot number 44971 is correct
2021-09-19 14:50:42.964498: Shot number 44971 is correct
2021-09-19 15:00:47.397518: Shot number 44971 is correct
2021-09-19 15:10:52.152710: Shot number 44971 is correct
2021-09-19 15:20:55.002610: Shot number 44971 is correct
2021-09-19 15:30:57.788988: Shot number 44971 is correct
2021-09-19 15:41:00.237490: Shot number 44971 is correct
2021-09-19 15:51:03.001226: Shot number 44971 is correct
2021-09-19 16:01:06.213984: Shot number 44971 is correct
2021-09-19 16:11:09.203122: Shot number 44971 is correct
2021-09-19 16:21:12.236936: Shot number 44971 is correct
2021-09-19 16:31:15.029824: Shot number 44971 is correct
2021-09-19 16:41:17.485456: Shot number 44971 is correct
2021-09-19 16:51:19.914240: Shot number 44971 is correct
2021-09-19 17:01:26.455016: Shot number 44971 is correct
2021-09-19 17:11:31.479053: Shot number 44971 is correct
2021-09-19 17:21:34.179606: Shot number 44971 is correct
2021-09-19 17:31:36.685281: Shot number 44971 is correct
2021-09-19 17:41:39.499540: Shot number 44971 is correct
2021-09-19 17:51:42.495967: Shot number 44971 is correct
2021-09-19 18:01:45.347833: Shot number 44971 is correct
2021-09-19 18:11:48.244488: Shot number 44971 is correct
2021-09-19 18:21:50.942214: Shot number 44971 is correct
2021-09-19 18:31:53.407488: Shot number 44971 is correct
2021-09-19 18:41:55.776799: Shot number 44971 is correct
2021-09-19 18:51:58.664322: Shot number 44971 is correct
2021-09-19 19:02:03.109196: Shot number 44971 is correct
2021-09-19 19:12:05.930025: Shot number 44971 is correct
2021-09-19 19:22:08.888191: Shot number 44971 is correct
2021-09-19 19:32:12.165916: Shot number 44971 is correct
2021-09-19 19:42:14.815935: Shot number 44971 is correct
2021-09-19 19:52:17.342806: Shot number 44971 is correct
2021-09-19 20:02:21.399166: Shot number 44971 is correct
2021-09-19 20:12:23.815384: Shot number 44971 is correct
2021-09-19 20:22:26.449285: Shot number 44971 is correct
2021-09-19 20:32:29.181572: Shot number 44971 is correct
2021-09-19 20:42:31.883629: Shot number 44971 is correct
2021-09-19 20:52:34.604528: Shot number 44971 is correct
2021-09-19 21:02:37.409842: Shot number 44971 is correct
2021-09-19 21:12:43.184645: Shot number 44971 is correct
2021-09-19 21:22:45.747886: Shot number 44971 is correct
2021-09-19 21:32:48.308227: Shot number 44971 is correct
2021-09-19 21:42:51.327560: Shot number 44971 is correct
2021-09-19 21:52:54.206856: Shot number 44971 is correct
2021-09-19 22:02:57.258550: Shot number 44971 is correct
2021-09-19 22:13:00.289968: Shot number 44971 is correct
2021-09-19 22:23:03.194369: Shot number 44971 is correct
2021-09-19 22:33:06.157282: Shot number 44971 is correct
2021-09-19 22:43:08.935699: Shot number 44971 is correct
2021-09-19 22:53:11.579580: Shot number 44971 is correct
2021-09-19 23:03:16.111347: Shot number 44971 is correct
2021-09-19 23:13:19.435281: Shot number 44971 is correct
2021-09-19 23:23:22.348441: Shot number 44971 is correct
2021-09-19 23:33:24.945567: Shot number 44971 is correct
2021-09-19 23:43:27.686340: Shot number 44971 is correct
2021-09-19 23:53:29.891603: Shot number 44971 is correct
2021-09-20 00:03:33.060210: Shot number 44971 is correct
2021-09-20 00:13:35.953266: Shot number 44971 is correct
2021-09-20 00:23:39.138257: Shot number 44971 is correct
2021-09-20 00:33:47.008658: Shot number 44971 is correct
2021-09-20 00:43:49.656904: Shot number 44971 is correct
2021-09-20 00:53:52.166493: Shot number 44971 is correct
2021-09-20 01:03:56.605268: Shot number 44971 is correct
2021-09-20 01:14:01.281219: Shot number 44971 is correct
2021-09-20 01:24:04.086677: Shot number 44971 is correct
2021-09-20 01:34:07.115450: Shot number 44971 is correct
2021-09-20 01:44:09.848407: Shot number 44971 is correct
2021-09-20 01:54:12.621486: Shot number 44971 is correct
2021-09-20 02:04:19.875734: Shot number 44971 is correct
2021-09-20 02:14:22.694186: Shot number 44971 is correct
2021-09-20 02:24:25.632101: Shot number 44971 is correct
2021-09-20 02:34:28.185890: Shot number 44971 is correct
2021-09-20 02:44:31.061207: Shot number 44971 is correct
2021-09-20 02:54:35.908357: Shot number 44971 is correct
2021-09-20 03:04:47.969143: Shot number 44971 is correct
2021-09-20 03:14:50.632234: Shot number 44971 is correct
2021-09-20 03:24:53.433514: Shot number 44971 is correct
2021-09-20 03:34:56.300617: Shot number 44971 is correct
2021-09-20 03:44:58.791720: Shot number 44971 is correct
2021-09-20 03:55:01.496996: Shot number 44971 is correct
2021-09-20 04:05:06.896556: Shot number 44971 is correct
2021-09-20 04:15:09.542328: Shot number 44971 is correct
2021-09-20 04:25:12.539913: Shot number 44971 is correct
2021-09-20 04:35:15.356253: Shot number 44971 is correct
2021-09-20 04:45:18.120319: Shot number 44971 is correct
2021-09-20 04:55:21.067609: Shot number 44971 is correct
2021-09-20 05:05:24.025392: Shot number 44971 is correct
2021-09-20 05:15:27.005872: Shot number 44971 is correct
2021-09-20 05:25:30.117983: Shot number 44971 is correct
2021-09-20 05:35:33.130294: Shot number 44971 is correct
2021-09-20 05:45:35.943401: Shot number 44971 is correct
2021-09-20 05:55:38.483837: Shot number 44971 is correct
2021-09-20 06:05:42.202556: Shot number 44971 is correct
2021-09-20 06:15:44.698081: Shot number 44971 is correct
2021-09-20 06:25:47.178618: Shot number 44971 is correct
2021-09-20 06:35:49.858642: Shot number 44971 is correct
2021-09-20 06:45:52.482168: Shot number 44971 is correct
2021-09-20 06:55:55.034744: Shot number 44971 is correct
2021-09-20 07:05:58.920162: Shot number 44971 is correct
2021-09-20 07:16:01.787242: Shot number 44971 is correct
2021-09-20 07:26:04.842379: Shot number 44971 is correct
2021-09-20 07:36:08.003590: Shot number 44971 is correct
2021-09-20 07:46:11.189387: Shot number 44971 is correct
2021-09-20 07:56:14.130938: Shot number 44971 is correct
2021-09-20 08:06:17.152940: Shot number 44971 is correct
2021-09-20 08:16:20.217717: Shot number 44971 is correct
2021-09-20 08:26:23.421868: Shot number 44971 is correct
2021-09-20 08:36:25.547364: Shot number 44971 is correct
2021-09-20 08:46:28.027545: Shot number 44971 is correct
2021-09-20 08:56:30.375609: Shot number 44971 is correct
2021-09-20 09:06:34.206404: Shot number 44971 is correct
2021-09-20 09:16:37.842478: Shot number 44971 is correct
2021-09-20 09:26:41.301468: Shot number 44971 is correct
2021-09-20 09:36:43.942335: Shot number 44971 is correct
2021-09-20 09:46:46.546754: Shot number 44971 is correct
2021-09-20 09:56:49.596595: Shot number 44971 is correct
2021-09-20 10:06:52.670612: Shot number 44971 is correct
2021-09-20 10:16:55.252411: Shot number 44971 is correct
2021-09-20 10:26:58.048672: Shot number 44971 is correct
2021-09-20 10:37:01.048459: Shot number 44971 is correct
2021-09-20 10:47:04.001859: Shot number 44971 is correct
2021-09-20 10:57:06.459227: Shot number 44971 is correct
2021-09-20 11:07:10.633630: Shot number 44971 is correct
2021-09-20 11:17:13.343728: Shot number 44971 is correct
2021-09-20 11:27:15.853484: Shot number 44971 is correct
2021-09-20 11:37:18.340451: Shot number 44971 is correct
2021-09-20 11:47:21.237891: Shot number 44971 is correct
2021-09-20 11:57:24.251527: Shot number 44971 is correct
2021-09-20 12:07:31.805578: Shot number 44971 is correct
2021-09-20 12:17:35.114339: Shot number 44971 is correct
2021-09-20 12:27:38.343168: Shot number 44971 is correct
2021-09-20 12:37:41.597219: Shot number 44971 is correct
2021-09-20 12:47:44.332741: Shot number 44971 is correct
2021-09-20 12:57:47.135638: Shot number 44971 is correct
2021-09-20 13:08:00.252028: Shot number 44971 is correct
2021-09-20 13:18:02.996112: Shot number 44971 is correct
2021-09-20 13:28:08.053202: Shot number 44971 is correct
2021-09-20 13:38:12.312295: Shot number 44971 is correct
2021-09-20 13:48:15.235020: Shot number 44971 is correct
2021-09-20 13:58:17.843133: Shot number 44971 is correct
2021-09-20 14:08:32.973864: Shot number 44971 is correct
2021-09-20 14:18:35.849460: Shot number 44971 is correct
2021-09-20 14:28:38.787234: Shot number 44971 is correct
2021-09-20 14:38:41.227895: Shot number 44971 is correct
2021-09-20 14:48:44.335513: Shot number 44971 is correct
2021-09-20 14:58:47.222611: Shot number 44971 is correct
2021-09-20 15:08:54.729151: Shot number 44971 is correct
2021-09-20 15:18:58.129453: Shot number 44971 is correct
2021-09-20 15:29:01.253589: Shot number 44971 is correct
2021-09-20 15:39:07.988951: Shot number 44971 is correct
2021-09-20 15:49:10.557206: Shot number 44971 is correct
2021-09-20 15:59:12.960128: Shot number 44971 is correct
2021-09-20 16:09:19.196184: Shot number 44971 is correct
2021-09-20 16:19:21.743074: Shot number 44971 is correct
2021-09-20 16:29:24.824420: Shot number 44971 is correct
2021-09-20 16:39:28.679454: Shot number 44971 is correct
2021-09-20 16:49:32.469416: Shot number 44971 is correct
2021-09-20 16:59:36.313418: Shot number 44971 is correct
2021-09-20 17:09:45.139438: Shot number 44971 is correct
2021-09-20 17:19:48.990424: Shot number 44971 is correct
2021-09-20 17:29:52.856432: Shot number 44971 is correct
2021-09-20 17:39:57.372428: Shot number 44971 is correct
2021-09-20 17:50:01.254426: Shot number 44971 is correct
2021-09-20 18:00:05.145467: Shot number 44971 is correct
2021-09-20 18:10:12.116450: Shot number 44971 is correct
2021-09-20 18:20:16.000465: Shot number 44971 is correct
2021-09-20 18:30:19.864437: Shot number 44971 is correct
2021-09-20 18:40:23.222908: Shot number 44971 is correct
2021-09-20 18:50:25.563351: Shot number 44971 is correct
2021-09-20 19:00:29.996580: Shot number 44971 is correct
2021-09-20 19:10:35.784992: Shot number 44971 is correct
2021-09-20 19:20:38.420896: Shot number 44971 is correct
2021-09-20 19:30:40.862775: Shot number 44971 is correct
2021-09-20 19:40:43.342963: Shot number 44971 is correct
2021-09-20 19:50:46.010255: Shot number 44971 is correct
2021-09-20 20:00:50.535169: Shot number 44971 is correct
2021-09-20 20:10:53.714688: Shot number 44971 is correct
2021-09-20 20:20:56.405138: Shot number 44971 is correct
2021-09-20 20:30:59.126541: Shot number 44971 is correct
2021-09-20 20:41:02.020259: Shot number 44971 is correct
2021-09-20 20:51:04.835376: Shot number 44971 is correct
2021-09-20 21:01:09.248213: Shot number 44971 is correct
2021-09-20 21:11:13.562027: Shot number 44971 is correct
2021-09-20 21:21:16.058328: Shot number 44971 is correct
2021-09-20 21:31:18.808860: Shot number 44971 is correct
2021-09-20 21:41:21.413490: Shot number 44971 is correct
2021-09-20 21:51:23.791128: Shot number 44971 is correct
2021-09-20 22:01:30.091661: Shot number 44971 is correct
2021-09-20 22:11:33.956663: Shot number 44971 is correct
2021-09-20 22:21:36.649930: Shot number 44971 is correct
2021-09-20 22:31:39.957595: Shot number 44971 is correct
2021-09-20 22:41:42.341191: Shot number 44971 is correct
2021-09-20 22:51:45.073738: Shot number 44971 is correct
2021-09-20 23:01:48.547787: Shot number 44971 is correct
2021-09-20 23:11:53.964789: Shot number 44971 is correct
2021-09-20 23:21:56.748197: Shot number 44971 is correct
2021-09-20 23:31:59.339203: Shot number 44971 is correct
2021-09-20 23:42:01.842499: Shot number 44971 is correct
2021-09-20 23:52:04.432010: Shot number 44971 is correct
2021-09-21 00:02:07.538457: Shot number 44971 is correct
2021-09-21 00:12:10.230469: Shot number 44971 is correct
2021-09-21 00:22:13.946445: Shot number 44971 is correct
2021-09-21 00:32:17.730409: Shot number 44971 is correct
2021-09-21 00:42:28.463425: Shot number 44971 is correct
2021-09-21 00:52:32.072416: Shot number 44971 is correct
2021-09-21 01:02:39.133411: Shot number 44971 is correct
2021-09-21 01:12:42.713413: Shot number 44971 is correct
2021-09-21 01:22:46.333662: Shot number 44971 is correct
2021-09-21 01:32:50.012414: Shot number 44971 is correct
2021-09-21 01:42:53.026360: Shot number 44971 is correct
2021-09-21 01:52:55.550541: Shot number 44971 is correct
2021-09-21 02:03:01.700003: Shot number 44971 is correct
2021-09-21 02:13:05.762826: Shot number 44971 is correct
2021-09-21 02:23:08.345745: Shot number 44971 is correct
2021-09-21 02:33:10.891900: Shot number 44971 is correct
2021-09-21 02:43:13.371870: Shot number 44971 is correct
2021-09-21 02:53:15.865791: Shot number 44971 is correct
2021-09-21 03:03:20.559862: Shot number 44971 is correct
2021-09-21 03:13:24.590542: Shot number 44971 is correct
2021-09-21 03:23:27.081625: Shot number 44971 is correct
2021-09-21 03:33:29.485114: Shot number 44971 is correct
2021-09-21 03:43:32.742117: Shot number 44971 is correct
2021-09-21 03:53:35.307872: Shot number 44971 is correct
2021-09-21 04:03:39.924946: Shot number 44971 is correct
2021-09-21 04:13:44.119507: Shot number 44971 is correct
2021-09-21 04:23:46.719565: Shot number 44971 is correct
2021-09-21 04:33:49.082974: Shot number 44971 is correct
2021-09-21 04:43:51.662513: Shot number 44971 is correct
2021-09-21 04:53:54.212814: Shot number 44971 is correct
2021-09-21 05:03:58.890338: Shot number 44971 is correct
2021-09-21 05:14:05.109523: Shot number 44971 is correct
2021-09-21 05:24:07.454161: Shot number 44971 is correct
2021-09-21 05:34:09.900435: Shot number 44971 is correct
2021-09-21 05:44:12.548697: Shot number 44971 is correct
2021-09-21 05:54:14.658907: Shot number 44971 is correct
2021-09-21 06:04:20.056624: Shot number 44971 is correct
2021-09-21 06:14:24.102291: Shot number 44971 is correct
2021-09-21 06:24:26.672315: Shot number 44971 is correct
2021-09-21 06:34:29.184295: Shot number 44971 is correct
2021-09-21 06:44:31.513165: Shot number 44971 is correct
2021-09-21 06:54:33.722580: Shot number 44971 is correct
2021-09-21 07:04:41.995041: Shot number 44971 is correct
2021-09-21 07:14:44.360368: Shot number 44971 is correct
2021-09-21 07:24:47.112258: Shot number 44971 is correct
2021-09-21 07:34:49.881467: Shot number 44971 is correct
2021-09-21 07:44:52.322857: Shot number 44971 is correct
2021-09-21 07:54:54.897407: Shot number 44971 is correct
2021-09-21 08:04:57.609150: Shot number 44971 is correct
2021-09-21 08:15:02.237535: Shot number 44971 is correct
2021-09-21 08:25:04.908952: Shot number 44971 is correct
2021-09-21 08:35:07.452342: Shot number 44971 is correct
2021-09-21 08:39:53.576281: Incorrect shot number "44971" in /home/tfarley/data/movies/diagnostic_pc_transfer/next_mast_u_shot_no.csv (should be "44972", diff=1). Waiting 2.5 mins to update file
2021-09-21 08:42:23.843986: Wrote shot number 44972 to /home/tfarley/data/movies/diagnostic_pc_transfer/next_mast_u_shot_no.csv
Submitted rit intershot job
Your job 7335235 ("rit_analyse_last_shot.py") has been submitted

Submitted rir intershot job
Your job 7335236 ("rir_analyse_last_shot.py") has been submitted

2021-09-21 08:47:40.813871: Shot number 44972 is correct
2021-09-21 08:54:42.713541: Incorrect shot number "44972" in /home/tfarley/data/movies/diagnostic_pc_transfer/next_mast_u_shot_no.csv (should be "44973", diff=1). Waiting 2.5 mins to update file
2021-09-21 08:57:12.755327: Wrote shot number 44973 to /home/tfarley/data/movies/diagnostic_pc_transfer/next_mast_u_shot_no.csv
Submitted rit intershot job
Your job 7335322 ("rit_analyse_last_shot.py") has been submitted

Submitted rir intershot job
Your job 7335323 ("rir_analyse_last_shot.py") has been submitted

2021-09-21 09:00:16.000852: Shot number 44973 is correct
2021-09-21 09:10:21.984492: Shot number 44973 is correct
2021-09-21 09:17:38.761962: Incorrect shot number "44973" in /home/tfarley/data/movies/diagnostic_pc_transfer/next_mast_u_shot_no.csv (should be "44974", diff=1). Waiting 2.5 mins to update file
2021-09-21 09:20:08.868706: Wrote shot number 44974 to /home/tfarley/data/movies/diagnostic_pc_transfer/next_mast_u_shot_no.csv
Submitted rit intershot job
Your job 7335560 ("rit_analyse_last_shot.py") has been submitted

Submitted rir intershot job
Your job 7335561 ("rir_analyse_last_shot.py") has been submitted

2021-09-21 09:22:57.345943: Shot number 44974 is correct
2021-09-21 09:32:59.840098: Shot number 44974 is correct
2021-09-21 09:39:01.411488: Incorrect shot number "44974" in /home/tfarley/data/movies/diagnostic_pc_transfer/next_mast_u_shot_no.csv (should be "44975", diff=1). Waiting 2.5 mins to update file
2021-09-21 09:41:31.468800: Wrote shot number 44975 to /home/tfarley/data/movies/diagnostic_pc_transfer/next_mast_u_shot_no.csv
Submitted rit intershot job
Your job 7335714 ("rit_analyse_last_shot.py") has been submitted

Submitted rir intershot job
Your job 7335715 ("rir_analyse_last_shot.py") has been submitted

2021-09-21 09:45:34.385152: Shot number 44975 is correct
2021-09-21 09:55:36.612990: Shot number 44975 is correct
2021-09-21 10:01:09.784570: Incorrect shot number "44975" in /home/tfarley/data/movies/diagnostic_pc_transfer/next_mast_u_shot_no.csv (should be "44976", diff=1). Waiting 2.5 mins to update file
2021-09-21 10:03:39.845164: Wrote shot number 44976 to /home/tfarley/data/movies/diagnostic_pc_transfer/next_mast_u_shot_no.csv
Submitted rit intershot job
Your job 7335792 ("rit_analyse_last_shot.py") has been submitted

Submitted rir intershot job
Your job 7335793 ("rir_analyse_last_shot.py") has been submitted

2021-09-21 10:08:11.963507: Shot number 44976 is correct
2021-09-21 10:18:14.425887: Shot number 44976 is correct
2021-09-21 10:25:01.773138: Incorrect shot number "44976" in /home/tfarley/data/movies/diagnostic_pc_transfer/next_mast_u_shot_no.csv (should be "44977", diff=1). Waiting 2.5 mins to update file
2021-09-21 10:27:31.944695: Wrote shot number 44977 to /home/tfarley/data/movies/diagnostic_pc_transfer/next_mast_u_shot_no.csv
Submitted rit intershot job
Your job 7335895 ("rit_analyse_last_shot.py") has been submitted

Submitted rir intershot job
Your job 7335896 ("rir_analyse_last_shot.py") has been submitted

2021-09-21 10:30:51.735510: Shot number 44977 is correct
2021-09-21 10:40:54.459463: Shot number 44977 is correct
2021-09-21 10:50:11.854589: Incorrect shot number "44977" in /home/tfarley/data/movies/diagnostic_pc_transfer/next_mast_u_shot_no.csv (should be "44978", diff=1). Waiting 2.5 mins to update file
2021-09-21 10:52:41.970957: Wrote shot number 44978 to /home/tfarley/data/movies/diagnostic_pc_transfer/next_mast_u_shot_no.csv
Submitted rit intershot job
Your job 7336052 ("rit_analyse_last_shot.py") has been submitted

Submitted rir intershot job
Your job 7336053 ("rir_analyse_last_shot.py") has been submitted

2021-09-21 10:53:27.582906: Shot number 44978 is correct
2021-09-21 11:03:33.582084: Shot number 44978 is correct
2021-09-21 11:13:36.775678: Shot number 44978 is correct
2021-09-21 11:20:24.204429: Incorrect shot number "44978" in /home/tfarley/data/movies/diagnostic_pc_transfer/next_mast_u_shot_no.csv (should be "44979", diff=1). Waiting 2.5 mins to update file
2021-09-21 11:22:54.335041: Wrote shot number 44979 to /home/tfarley/data/movies/diagnostic_pc_transfer/next_mast_u_shot_no.csv
Submitted rit intershot job
Your job 7336238 ("rit_analyse_last_shot.py") has been submitted

Submitted rir intershot job
Your job 7336239 ("rir_analyse_last_shot.py") has been submitted

2021-09-21 11:26:11.241427: Shot number 44979 is correct
2021-09-21 11:36:14.266776: Shot number 44979 is correct
2021-09-21 11:46:17.916358: Shot number 44979 is correct
2021-09-21 11:56:21.794478: Shot number 44979 is correct
2021-09-21 12:04:40.573464: Incorrect shot number "44979" in /home/tfarley/data/movies/diagnostic_pc_transfer/next_mast_u_shot_no.csv (should be "44980", diff=1). Waiting 2.5 mins to update file
2021-09-21 12:07:10.711332: Wrote shot number 44980 to /home/tfarley/data/movies/diagnostic_pc_transfer/next_mast_u_shot_no.csv
Submitted rit intershot job
Your job 7336843 ("rit_analyse_last_shot.py") has been submitted

Submitted rir intershot job
Your job 7336844 ("rir_analyse_last_shot.py") has been submitted

2021-09-21 12:08:57.049446: Shot number 44980 is correct
2021-09-21 12:19:01.938483: Shot number 44980 is correct
2021-09-21 12:29:05.730441: Shot number 44980 is correct
2021-09-21 12:39:09.575435: Shot number 44980 is correct
2021-09-21 12:41:40.533425: Incorrect shot number "44980" in /home/tfarley/data/movies/diagnostic_pc_transfer/next_mast_u_shot_no.csv (should be "44981", diff=1). Waiting 2.5 mins to update file
2021-09-21 12:44:10.674315: Wrote shot number 44981 to /home/tfarley/data/movies/diagnostic_pc_transfer/next_mast_u_shot_no.csv
Submitted rit intershot job
Your job 7336877 ("rit_analyse_last_shot.py") has been submitted

Submitted rir intershot job
Your job 7336878 ("rir_analyse_last_shot.py") has been submitted

2021-09-21 12:51:45.004438: Shot number 44981 is correct
2021-09-21 13:01:51.670440: Shot number 44981 is correct
2021-09-21 13:08:09.051436: Incorrect shot number "44981" in /home/tfarley/data/movies/diagnostic_pc_transfer/next_mast_u_shot_no.csv (should be "44982", diff=1). Waiting 2.5 mins to update file
2021-09-21 13:10:39.185320: Wrote shot number 44982 to /home/tfarley/data/movies/diagnostic_pc_transfer/next_mast_u_shot_no.csv
Submitted rit intershot job
Your job 7336942 ("rit_analyse_last_shot.py") has been submitted

Submitted rir intershot job
Your job 7336943 ("rir_analyse_last_shot.py") has been submitted

2021-09-21 13:14:26.234497: Shot number 44982 is correct
2021-09-21 13:24:29.932585: Shot number 44982 is correct
2021-09-21 13:34:32.438719: Shot number 44982 is correct
2021-09-21 13:38:33.565979: Incorrect shot number "44982" in /home/tfarley/data/movies/diagnostic_pc_transfer/next_mast_u_shot_no.csv (should be "44983", diff=1). Waiting 2.5 mins to update file
2021-09-21 13:41:03.679035: Wrote shot number 44983 to /home/tfarley/data/movies/diagnostic_pc_transfer/next_mast_u_shot_no.csv
Submitted rit intershot job
Your job 7337027 ("rit_analyse_last_shot.py") has been submitted

Submitted rir intershot job
Your job 7337028 ("rir_analyse_last_shot.py") has been submitted

2021-09-21 13:47:06.658556: Shot number 44983 is correct
2021-09-21 13:57:11.272792: Shot number 44983 is correct
2021-09-21 14:07:17.530897: Shot number 44983 is correct
2021-09-21 14:17:20.372710: Shot number 44983 is correct
2021-09-21 14:20:21.187858: Incorrect shot number "44983" in /home/tfarley/data/movies/diagnostic_pc_transfer/next_mast_u_shot_no.csv (should be "44984", diff=1). Waiting 2.5 mins to update file
2021-09-21 14:22:51.287975: Wrote shot number 44984 to /home/tfarley/data/movies/diagnostic_pc_transfer/next_mast_u_shot_no.csv
Submitted rit intershot job
Your job 7337167 ("rit_analyse_last_shot.py") has been submitted

Submitted rir intershot job
Your job 7337168 ("rir_analyse_last_shot.py") has been submitted

2021-09-21 14:29:54.061285: Shot number 44984 is correct
2021-09-21 14:39:57.978477: Shot number 44984 is correct
2021-09-21 14:50:01.672428: Shot number 44984 is correct
2021-09-21 15:00:06.616280: Shot number 44984 is correct
2021-09-21 15:10:14.295057: Shot number 44984 is correct
2021-09-21 15:19:32.002531: Incorrect shot number "44984" in /home/tfarley/data/movies/diagnostic_pc_transfer/next_mast_u_shot_no.csv (should be "44985", diff=1). Waiting 2.5 mins to update file
2021-09-21 15:22:02.112524: Wrote shot number 44985 to /home/tfarley/data/movies/diagnostic_pc_transfer/next_mast_u_shot_no.csv
Submitted rit intershot job
Your job 7337750 ("rit_analyse_last_shot.py") has been submitted

Submitted rir intershot job
Your job 7337751 ("rir_analyse_last_shot.py") has been submitted

2021-09-21 15:22:47.559778: Shot number 44985 is correct
2021-09-21 15:32:50.804910: Shot number 44985 is correct
2021-09-21 15:41:08.317703: Incorrect shot number "44985" in /home/tfarley/data/movies/diagnostic_pc_transfer/next_mast_u_shot_no.csv (should be "44986", diff=1). Waiting 2.5 mins to update file
2021-09-21 15:43:38.329893: Wrote shot number 44986 to /home/tfarley/data/movies/diagnostic_pc_transfer/next_mast_u_shot_no.csv
Submitted rit intershot job
Your job 7338057 ("rit_analyse_last_shot.py") has been submitted

Submitted rir intershot job
Your job 7338058 ("rir_analyse_last_shot.py") has been submitted

2021-09-21 15:45:24.172577: Shot number 44986 is correct
2021-09-21 15:55:27.097938: Shot number 44986 is correct
2021-09-21 16:05:46.793913: Shot number 44986 is correct
2021-09-21 16:06:32.049871: Incorrect shot number "44986" in /home/tfarley/data/movies/diagnostic_pc_transfer/next_mast_u_shot_no.csv (should be "44987", diff=1). Waiting 2.5 mins to update file
2021-09-21 16:09:02.147125: Wrote shot number 44987 to /home/tfarley/data/movies/diagnostic_pc_transfer/next_mast_u_shot_no.csv
Submitted rit intershot job
Your job 7338192 ("rit_analyse_last_shot.py") has been submitted

Submitted rir intershot job
Your job 7338193 ("rir_analyse_last_shot.py") has been submitted

2021-09-21 16:18:20.206540: Shot number 44987 is correct
2021-09-21 16:28:23.016287: Shot number 44987 is correct
2021-09-21 16:38:25.836053: Shot number 44987 is correct
2021-09-21 16:43:50.413493: Incorrect shot number "44987" in /home/tfarley/data/movies/diagnostic_pc_transfer/next_mast_u_shot_no.csv (should be "44988", diff=1). Waiting 2.5 mins to update file
2021-09-21 16:46:27.068621: Wrote shot number 44988 to /home/tfarley/data/movies/diagnostic_pc_transfer/next_mast_u_shot_no.csv
Submitted rit intershot job
Your job 7338271 ("rit_analyse_last_shot.py") has been submitted

Submitted rir intershot job
Your job 7338272 ("rir_analyse_last_shot.py") has been submitted

2021-09-21 16:52:16.593063: Shot number 44988 is correct
2021-09-21 17:02:22.029383: Shot number 44988 is correct
2021-09-21 17:12:28.883443: Shot number 44988 is correct
2021-09-21 17:21:31.195980: Incorrect shot number "44988" in /home/tfarley/data/movies/diagnostic_pc_transfer/next_mast_u_shot_no.csv (should be "44989", diff=1). Waiting 2.5 mins to update file
2021-09-21 17:24:01.323240: Wrote shot number 44989 to /home/tfarley/data/movies/diagnostic_pc_transfer/next_mast_u_shot_no.csv
Submitted rit intershot job
Your job 7338569 ("rit_analyse_last_shot.py") has been submitted

Submitted rir intershot job
Your job 7338570 ("rir_analyse_last_shot.py") has been submitted

2021-09-21 17:25:01.835416: Shot number 44989 is correct
2021-09-21 17:35:04.941440: Shot number 44989 is correct
2021-09-21 17:39:21.329587: Incorrect shot number "44989" in /home/tfarley/data/movies/diagnostic_pc_transfer/next_mast_u_shot_no.csv (should be "44990", diff=1). Waiting 2.5 mins to update file
2021-09-21 17:41:51.440798: Wrote shot number 44990 to /home/tfarley/data/movies/diagnostic_pc_transfer/next_mast_u_shot_no.csv
Submitted rit intershot job
Your job 7338708 ("rit_analyse_last_shot.py") has been submitted

Submitted rir intershot job
Your job 7338709 ("rir_analyse_last_shot.py") has been submitted

2021-09-21 17:47:38.570475: Shot number 44990 is correct
2021-09-21 17:51:55.041500: Incorrect shot number "44990" in /home/tfarley/data/movies/diagnostic_pc_transfer/next_mast_u_shot_no.csv (should be "44991", diff=1). Waiting 2.5 mins to update file
2021-09-21 17:54:25.157626: Wrote shot number 44991 to /home/tfarley/data/movies/diagnostic_pc_transfer/next_mast_u_shot_no.csv
Submitted rit intershot job
Your job 7338866 ("rit_analyse_last_shot.py") has been submitted

Submitted rir intershot job
Your job 7338867 ("rir_analyse_last_shot.py") has been submitted

2021-09-21 18:00:12.229614: Shot number 44991 is correct
2021-09-21 18:07:03.567400: Incorrect shot number "44991" in /home/tfarley/data/movies/diagnostic_pc_transfer/next_mast_u_shot_no.csv (should be "44992", diff=1). Waiting 2.5 mins to update file
2021-09-21 18:09:33.675463: Wrote shot number 44992 to /home/tfarley/data/movies/diagnostic_pc_transfer/next_mast_u_shot_no.csv
Submitted rit intershot job
Your job 7339259 ("rit_analyse_last_shot.py") has been submitted

Submitted rir intershot job
Your job 7339260 ("rir_analyse_last_shot.py") has been submitted

2021-09-21 18:12:49.784862: Shot number 44992 is correct
2021-09-21 18:16:50.916111: Incorrect shot number "44992" in /home/tfarley/data/movies/diagnostic_pc_transfer/next_mast_u_shot_no.csv (should be "44993", diff=1). Waiting 2.5 mins to update file
2021-09-21 18:19:21.028006: Wrote shot number 44993 to /home/tfarley/data/movies/diagnostic_pc_transfer/next_mast_u_shot_no.csv
Submitted rit intershot job
Your job 7339610 ("rit_analyse_last_shot.py") has been submitted

Submitted rir intershot job
Your job 7339611 ("rir_analyse_last_shot.py") has been submitted

2021-09-21 18:25:23.915589: Shot number 44993 is correct
2021-09-21 18:26:54.452665: Incorrect shot number "44993" in /home/tfarley/data/movies/diagnostic_pc_transfer/next_mast_u_shot_no.csv (should be "44994", diff=1). Waiting 2.5 mins to update file
2021-09-21 18:29:24.587314: Wrote shot number 44994 to /home/tfarley/data/movies/diagnostic_pc_transfer/next_mast_u_shot_no.csv
Submitted rit intershot job
Your job 7339939 ("rit_analyse_last_shot.py") has been submitted

Submitted rir intershot job
Your job 7339941 ("rir_analyse_last_shot.py") has been submitted

2021-09-21 18:37:12.996495: Incorrect shot number "44994" in /home/tfarley/data/movies/diagnostic_pc_transfer/next_mast_u_shot_no.csv (should be "44995", diff=1). Waiting 2.5 mins to update file
2021-09-21 18:39:43.107978: Wrote shot number 44995 to /home/tfarley/data/movies/diagnostic_pc_transfer/next_mast_u_shot_no.csv
Submitted rit intershot job
Your job 7340248 ("rit_analyse_last_shot.py") has been submitted

Submitted rir intershot job
Your job 7340249 ("rir_analyse_last_shot.py") has been submitted

2021-09-21 18:40:29.109236: Shot number 44995 is correct
2021-09-21 18:50:32.912423: Shot number 44995 is correct
2021-09-21 18:52:33.684411: Incorrect shot number "44995" in /home/tfarley/data/movies/diagnostic_pc_transfer/next_mast_u_shot_no.csv (should be "44996", diff=1). Waiting 2.5 mins to update file
2021-09-21 18:55:03.803548: Wrote shot number 44996 to /home/tfarley/data/movies/diagnostic_pc_transfer/next_mast_u_shot_no.csv
Submitted rit intershot job
Your job 7340740 ("rit_analyse_last_shot.py") has been submitted

Submitted rir intershot job
Your job 7340742 ("rir_analyse_last_shot.py") has been submitted

2021-09-21 19:00:54.006413: Incorrect shot number "44996" in /home/tfarley/data/movies/diagnostic_pc_transfer/next_mast_u_shot_no.csv (should be "44997", diff=1). Waiting 2.5 mins to update file
2021-09-21 19:03:24.124755: Wrote shot number 44997 to /home/tfarley/data/movies/diagnostic_pc_transfer/next_mast_u_shot_no.csv
Submitted rit intershot job
Your job 7340967 ("rit_analyse_last_shot.py") has been submitted

Submitted rir intershot job
Your job 7340968 ("rir_analyse_last_shot.py") has been submitted

2021-09-21 19:05:40.125625: Shot number 44997 is correct
2021-09-21 19:12:16.492183: Incorrect shot number "44997" in /home/tfarley/data/movies/diagnostic_pc_transfer/next_mast_u_shot_no.csv (should be "44998", diff=1). Waiting 2.5 mins to update file
2021-09-21 19:14:46.629316: Wrote shot number 44998 to /home/tfarley/data/movies/diagnostic_pc_transfer/next_mast_u_shot_no.csv
Submitted rit intershot job
Your job 7341310 ("rit_analyse_last_shot.py") has been submitted

Submitted rir intershot job
Your job 7341311 ("rir_analyse_last_shot.py") has been submitted

2021-09-21 19:18:18.302677: Shot number 44998 is correct
2021-09-21 19:22:34.206391: Incorrect shot number "44998" in /home/tfarley/data/movies/diagnostic_pc_transfer/next_mast_u_shot_no.csv (should be "44999", diff=1). Waiting 2.5 mins to update file
2021-09-21 19:25:04.294284: Wrote shot number 44999 to /home/tfarley/data/movies/diagnostic_pc_transfer/next_mast_u_shot_no.csv
Submitted rit intershot job
Your job 7341623 ("rit_analyse_last_shot.py") has been submitted

Submitted rir intershot job
Your job 7341624 ("rir_analyse_last_shot.py") has been submitted

2021-09-21 19:30:51.100466: Shot number 44999 is correct
2021-09-21 19:38:08.069142: Incorrect shot number "44999" in /home/tfarley/data/movies/diagnostic_pc_transfer/next_mast_u_shot_no.csv (should be "45000", diff=1). Waiting 2.5 mins to update file
2021-09-21 19:40:38.098163: Wrote shot number 45000 to /home/tfarley/data/movies/diagnostic_pc_transfer/next_mast_u_shot_no.csv
Submitted rit intershot job
Your job 7342205 ("rit_analyse_last_shot.py") has been submitted

Submitted rir intershot job
Your job 7342206 ("rir_analyse_last_shot.py") has been submitted

2021-09-21 19:43:24.081674: Shot number 45000 is correct
2021-09-21 19:53:27.023462: Shot number 45000 is correct
2021-09-21 20:03:29.969090: Shot number 45000 is correct
2021-09-21 20:13:37.137487: Shot number 45000 is correct
2021-09-21 20:23:39.886247: Shot number 45000 is correct
2021-09-21 20:33:42.612065: Shot number 45000 is correct
2021-09-21 20:43:45.212090: Shot number 45000 is correct
2021-09-21 20:53:47.777899: Shot number 45000 is correct
2021-09-21 21:03:54.002745: Shot number 45000 is correct
2021-09-21 21:13:58.832634: Shot number 45000 is correct
2021-09-21 21:24:01.692885: Shot number 45000 is correct
2021-09-21 21:34:04.099396: Shot number 45000 is correct
2021-09-21 21:44:06.980376: Shot number 45000 is correct
2021-09-21 21:54:09.582706: Shot number 45000 is correct
2021-09-21 22:04:14.864611: Shot number 45000 is correct
2021-09-21 22:14:19.542318: Shot number 45000 is correct
2021-09-21 22:24:22.040753: Shot number 45000 is correct
2021-09-21 22:34:24.626346: Shot number 45000 is correct
2021-09-21 22:44:27.146476: Shot number 45000 is correct
2021-09-21 22:54:29.687850: Shot number 45000 is correct
2021-09-21 23:04:45.602337: Shot number 45000 is correct
2021-09-21 23:14:48.303463: Shot number 45000 is correct
2021-09-21 23:24:51.025926: Shot number 45000 is correct
2021-09-21 23:34:53.679485: Shot number 45000 is correct
2021-09-21 23:44:56.167212: Shot number 45000 is correct
2021-09-21 23:54:58.887400: Shot number 45000 is correct
2021-09-22 00:05:41.249536: Shot number 45000 is correct
2021-09-22 00:16:09.613954: Shot number 45000 is correct
2021-09-22 00:26:12.294569: Shot number 45000 is correct
2021-09-22 00:36:21.583137: Shot number 45000 is correct
2021-09-22 00:46:24.135016: Shot number 45000 is correct
2021-09-22 00:56:26.629455: Shot number 45000 is correct
2021-09-22 01:06:32.766440: Shot number 45000 is correct
2021-09-22 01:16:35.371070: Shot number 45000 is correct
2021-09-22 01:26:37.730028: Shot number 45000 is correct
2021-09-22 01:36:40.404415: Shot number 45000 is correct
2021-09-22 01:46:42.964602: Shot number 45000 is correct
2021-09-22 01:56:47.235560: Shot number 45000 is correct
2021-09-22 02:06:52.457854: Shot number 45000 is correct
2021-09-22 02:16:55.360634: Shot number 45000 is correct
2021-09-22 02:26:58.061074: Shot number 45000 is correct
2021-09-22 02:37:00.347955: Shot number 45000 is correct
2021-09-22 02:47:02.993100: Shot number 45000 is correct
2021-09-22 02:57:05.785528: Shot number 45000 is correct
2021-09-22 03:07:13.527493: Shot number 45000 is correct
2021-09-22 03:17:15.870012: Shot number 45000 is correct
2021-09-22 03:27:18.457237: Shot number 45000 is correct
2021-09-22 03:37:20.982341: Shot number 45000 is correct
2021-09-22 03:47:23.672994: Shot number 45000 is correct
2021-09-22 03:57:26.391670: Shot number 45000 is correct
2021-09-22 04:07:31.978546: Shot number 45000 is correct
2021-09-22 04:17:34.424214: Shot number 45000 is correct
2021-09-22 04:27:36.834973: Shot number 45000 is correct
2021-09-22 04:37:39.444535: Shot number 45000 is correct
2021-09-22 04:47:42.053284: Shot number 45000 is correct
2021-09-22 04:57:44.775728: Shot number 45000 is correct
2021-09-22 05:07:50.462579: Shot number 45000 is correct
2021-09-22 05:17:52.866568: Shot number 45000 is correct
2021-09-22 05:27:55.880215: Shot number 45000 is correct
2021-09-22 05:37:58.572841: Shot number 45000 is correct
2021-09-22 05:48:00.919826: Shot number 45000 is correct
2021-09-22 05:58:03.663754: Shot number 45000 is correct
2021-09-22 06:08:12.448425: Shot number 45000 is correct
2021-09-22 06:18:15.047546: Shot number 45000 is correct
2021-09-22 06:28:17.560060: Shot number 45000 is correct
2021-09-22 06:38:20.085218: Shot number 45000 is correct
2021-09-22 06:48:23.001557: Shot number 45000 is correct
2021-09-22 06:58:25.416191: Shot number 45000 is correct
2021-09-22 07:08:34.524953: Shot number 45000 is correct
2021-09-22 07:18:37.150011: Shot number 45000 is correct
2021-09-22 07:28:39.584498: Shot number 45000 is correct
2021-09-22 07:38:41.797562: Shot number 45000 is correct
2021-09-22 07:48:44.661932: Shot number 45000 is correct
2021-09-22 07:58:47.307125: Shot number 45000 is correct
2021-09-22 08:04:55.121137: Incorrect shot number "45001" in /home/tfarley/data/movies/diagnostic_pc_transfer/next_mast_u_shot_no.csv (should be "45000", diff=-1). Waiting 2.5 mins to update file
2021-09-22 08:07:25.207324: Wrote shot number 45000 to /home/tfarley/data/movies/diagnostic_pc_transfer/next_mast_u_shot_no.csv
Submitted rit intershot job
Your job 7368457 ("rit_analyse_last_shot.py") has been submitted

Submitted rir intershot job
Your job 7368458 ("rir_analyse_last_shot.py") has been submitted

2021-09-22 08:11:26.570446: Shot number 45000 is correct
2021-09-22 08:21:29.275349: Shot number 45000 is correct
2021-09-22 08:31:31.756484: Shot number 45000 is correct
2021-09-22 08:41:34.334630: Shot number 45000 is correct
2021-09-22 08:51:36.866391: Shot number 45000 is correct
2021-09-22 09:01:40.551062: Shot number 45000 is correct
2021-09-22 09:11:46.029577: Shot number 45000 is correct
2021-09-22 09:21:48.527964: Shot number 45000 is correct
2021-09-22 09:31:51.240045: Shot number 45000 is correct
2021-09-22 09:41:53.627699: Shot number 45000 is correct
2021-09-22 09:51:56.422211: Shot number 45000 is correct
2021-09-22 10:02:01.920318: Shot number 45000 is correct
2021-09-22 10:12:05.537390: Shot number 45000 is correct
2021-09-22 10:16:21.762853: Incorrect shot number "45000" in /home/tfarley/data/movies/diagnostic_pc_transfer/next_mast_u_shot_no.csv (should be "45001", diff=1). Waiting 2.5 mins to update file
2021-09-22 10:18:51.884161: Wrote shot number 45001 to /home/tfarley/data/movies/diagnostic_pc_transfer/next_mast_u_shot_no.csv
Submitted rit intershot job
Your job 7370144 ("rit_analyse_last_shot.py") has been submitted

Submitted rir intershot job
Your job 7370145 ("rir_analyse_last_shot.py") has been submitted

2021-09-22 10:24:38.729538: Shot number 45001 is correct
2021-09-22 10:33:56.704934: Incorrect shot number "45001" in /home/tfarley/data/movies/diagnostic_pc_transfer/next_mast_u_shot_no.csv (should be "45002", diff=1). Waiting 2.5 mins to update file
2021-09-22 10:36:26.775289: Wrote shot number 45002 to /home/tfarley/data/movies/diagnostic_pc_transfer/next_mast_u_shot_no.csv
Submitted rit intershot job
Your job 7370211 ("rit_analyse_last_shot.py") has been submitted

Submitted rir intershot job
Your job 7370212 ("rir_analyse_last_shot.py") has been submitted

2021-09-22 10:37:12.224863: Shot number 45002 is correct
2021-09-22 10:47:15.659889: Shot number 45002 is correct
2021-09-22 10:56:33.211275: Incorrect shot number "45002" in /home/tfarley/data/movies/diagnostic_pc_transfer/next_mast_u_shot_no.csv (should be "45003", diff=1). Waiting 2.5 mins to update file
2021-09-22 10:59:03.304589: Wrote shot number 45003 to /home/tfarley/data/movies/diagnostic_pc_transfer/next_mast_u_shot_no.csv
Submitted rit intershot job
Your job 7370334 ("rit_analyse_last_shot.py") has been submitted

Submitted rir intershot job
Your job 7370335 ("rir_analyse_last_shot.py") has been submitted

2021-09-22 10:59:48.801748: Shot number 45003 is correct
2021-09-22 11:09:53.758208: Shot number 45003 is correct
2021-09-22 11:17:10.416883: Incorrect shot number "45003" in /home/tfarley/data/movies/diagnostic_pc_transfer/next_mast_u_shot_no.csv (should be "45004", diff=1). Waiting 2.5 mins to update file
2021-09-22 11:19:40.457431: Wrote shot number 45004 to /home/tfarley/data/movies/diagnostic_pc_transfer/next_mast_u_shot_no.csv
Submitted rit intershot job
Your job 7370427 ("rit_analyse_last_shot.py") has been submitted

Submitted rir intershot job
Your job 7370428 ("rir_analyse_last_shot.py") has been submitted

2021-09-22 11:22:29.594707: Shot number 45004 is correct
2021-09-22 11:32:33.073601: Shot number 45004 is correct
2021-09-22 11:37:34.480074: Incorrect shot number "45004" in /home/tfarley/data/movies/diagnostic_pc_transfer/next_mast_u_shot_no.csv (should be "45005", diff=1). Waiting 2.5 mins to update file
2021-09-22 11:40:04.595277: Wrote shot number 45005 to /home/tfarley/data/movies/diagnostic_pc_transfer/next_mast_u_shot_no.csv
Submitted rit intershot job
Your job 7370521 ("rit_analyse_last_shot.py") has been submitted

Submitted rir intershot job
Your job 7370522 ("rir_analyse_last_shot.py") has been submitted

2021-09-22 11:45:06.242892: Shot number 45005 is correct
2021-09-22 11:55:09.114063: Shot number 45005 is correct
2021-09-22 12:05:17.100064: Shot number 45005 is correct
2021-09-22 12:15:19.729652: Shot number 45005 is correct
2021-09-22 12:25:22.543377: Shot number 45005 is correct
2021-09-22 12:35:25.549861: Shot number 45005 is correct
2021-09-22 12:45:28.421679: Shot number 45005 is correct
2021-09-22 12:55:31.208552: Shot number 45005 is correct
2021-09-22 13:05:37.714408: Shot number 45005 is correct
2021-09-22 13:15:40.158245: Shot number 45005 is correct
2021-09-22 13:25:42.555333: Shot number 45005 is correct
2021-09-22 13:35:45.154635: Shot number 45005 is correct
2021-09-22 13:45:47.744280: Shot number 45005 is correct
2021-09-22 13:55:50.562861: Shot number 45005 is correct
2021-09-22 14:05:54.489134: Shot number 45005 is correct
2021-09-22 14:06:24.613364: Incorrect shot number "45006" in /home/tfarley/data/movies/diagnostic_pc_transfer/next_mast_u_shot_no.csv (should be "45005", diff=-1). Waiting 2.5 mins to update file
2021-09-22 14:08:54.725267: Wrote shot number 45005 to /home/tfarley/data/movies/diagnostic_pc_transfer/next_mast_u_shot_no.csv
Submitted rit intershot job
Your job 7371119 ("rit_analyse_last_shot.py") has been submitted

Submitted rir intershot job
Your job 7371120 ("rir_analyse_last_shot.py") has been submitted

2021-09-22 14:13:26.118932: Incorrect shot number "45006" in /home/tfarley/data/movies/diagnostic_pc_transfer/next_mast_u_shot_no.csv (should be "45005", diff=-1). Waiting 2.5 mins to update file
2021-09-22 14:15:56.185445: Wrote shot number 45005 to /home/tfarley/data/movies/diagnostic_pc_transfer/next_mast_u_shot_no.csv
Submitted rit intershot job
Your job 7371153 ("rit_analyse_last_shot.py") has been submitted

Submitted rir intershot job
Your job 7371154 ("rir_analyse_last_shot.py") has been submitted

2021-09-22 14:20:58.125997: Shot number 45005 is correct
2021-09-22 14:31:01.499739: Shot number 45005 is correct
2021-09-22 14:41:04.841670: Shot number 45005 is correct
2021-09-22 14:51:08.235200: Shot number 45005 is correct
2021-09-22 15:01:12.057022: Shot number 45005 is correct
2021-09-22 15:11:17.093418: Shot number 45005 is correct
2021-09-22 15:21:20.192573: Shot number 45005 is correct
2021-09-22 15:31:23.660330: Shot number 45005 is correct
2021-09-22 15:34:39.673805: Incorrect shot number "45005" in /home/tfarley/data/movies/diagnostic_pc_transfer/next_mast_u_shot_no.csv (should be "45006", diff=1). Waiting 2.5 mins to update file
2021-09-22 15:37:09.799724: Wrote shot number 45006 to /home/tfarley/data/movies/diagnostic_pc_transfer/next_mast_u_shot_no.csv
Submitted rit intershot job
Your job 7372045 ("rit_analyse_last_shot.py") has been submitted

Submitted rir intershot job
Your job 7372046 ("rir_analyse_last_shot.py") has been submitted

2021-09-22 15:43:57.234471: Shot number 45006 is correct
2021-09-22 15:54:00.151476: Shot number 45006 is correct
2021-09-22 16:04:06.621034: Shot number 45006 is correct
2021-09-22 16:14:14.286544: Shot number 45006 is correct
2021-09-22 16:24:17.136174: Shot number 45006 is correct
2021-09-22 16:34:20.308224: Shot number 45006 is correct
2021-09-22 16:44:23.532398: Shot number 45006 is correct
2021-09-22 16:54:26.582905: Shot number 45006 is correct
2021-09-22 17:04:15.281211: Incorrect shot number "45006" in /home/tfarley/data/movies/diagnostic_pc_transfer/next_mast_u_shot_no.csv (should be "45007", diff=1). Waiting 2.5 mins to update file
2021-09-22 17:06:45.411836: Wrote shot number 45007 to /home/tfarley/data/movies/diagnostic_pc_transfer/next_mast_u_shot_no.csv
Submitted rit intershot job
Your job 7372348 ("rit_analyse_last_shot.py") has been submitted

Submitted rir intershot job
Your job 7372349 ("rir_analyse_last_shot.py") has been submitted

2021-09-22 17:07:00.840756: Shot number 45007 is correct
2021-09-22 17:17:05.599479: Shot number 45007 is correct
2021-09-22 17:27:10.457864: Shot number 45007 is correct
2021-09-22 17:37:13.334673: Shot number 45007 is correct
2021-09-22 17:38:28.733932: Incorrect shot number "45007" in /home/tfarley/data/movies/diagnostic_pc_transfer/next_mast_u_shot_no.csv (should be "45008", diff=1). Waiting 2.5 mins to update file
2021-09-22 17:40:58.854267: Wrote shot number 45008 to /home/tfarley/data/movies/diagnostic_pc_transfer/next_mast_u_shot_no.csv
Submitted rit intershot job
Your job 7372427 ("rit_analyse_last_shot.py") has been submitted

Submitted rir intershot job
Your job 7372428 ("rir_analyse_last_shot.py") has been submitted

2021-09-22 17:49:46.588763: Shot number 45008 is correct
2021-09-22 17:59:49.443203: Shot number 45008 is correct
2021-09-22 18:06:54.467841: Incorrect shot number "45008" in /home/tfarley/data/movies/diagnostic_pc_transfer/next_mast_u_shot_no.csv (should be "45009", diff=1). Waiting 2.5 mins to update file
2021-09-22 18:09:27.270046: Wrote shot number 45009 to /home/tfarley/data/movies/diagnostic_pc_transfer/next_mast_u_shot_no.csv
Submitted rit intershot job
Your job 7372544 ("rit_analyse_last_shot.py") has been submitted

Submitted rir intershot job
Your job 7372545 ("rir_analyse_last_shot.py") has been submitted

2021-09-22 18:12:28.411396: Shot number 45009 is correct
2021-09-22 18:22:31.514866: Shot number 45009 is correct
2021-09-22 18:32:34.349962: Shot number 45009 is correct
2021-09-22 18:42:36.902136: Shot number 45009 is correct
2021-09-22 18:48:38.618203: Incorrect shot number "45009" in /home/tfarley/data/movies/diagnostic_pc_transfer/next_mast_u_shot_no.csv (should be "45010", diff=1). Waiting 2.5 mins to update file
2021-09-22 18:51:08.729054: Wrote shot number 45010 to /home/tfarley/data/movies/diagnostic_pc_transfer/next_mast_u_shot_no.csv
Submitted rit intershot job
Your job 7372702 ("rit_analyse_last_shot.py") has been submitted

Submitted rir intershot job
Your job 7372703 ("rir_analyse_last_shot.py") has been submitted

2021-09-22 18:55:10.195859: Shot number 45010 is correct
2021-09-22 19:05:16.981386: Shot number 45010 is correct
2021-09-22 19:15:25.847160: Shot number 45010 is correct
2021-09-22 19:17:26.250239: Incorrect shot number "45010" in /home/tfarley/data/movies/diagnostic_pc_transfer/next_mast_u_shot_no.csv (should be "45011", diff=1). Waiting 2.5 mins to update file
2021-09-22 19:19:56.452296: Wrote shot number 45011 to /home/tfarley/data/movies/diagnostic_pc_transfer/next_mast_u_shot_no.csv
Submitted rit intershot job
Your job 7372840 ("rit_analyse_last_shot.py") has been submitted

Submitted rir intershot job
Your job 7372841 ("rir_analyse_last_shot.py") has been submitted

2021-09-22 19:27:59.331010: Shot number 45011 is correct
2021-09-22 19:38:02.273462: Shot number 45011 is correct
2021-09-22 19:48:05.223247: Shot number 45011 is correct
2021-09-22 19:55:22.559508: Incorrect shot number "45011" in /home/tfarley/data/movies/diagnostic_pc_transfer/next_mast_u_shot_no.csv (should be "45012", diff=1). Waiting 2.5 mins to update file
2021-09-22 19:57:52.683350: Wrote shot number 45012 to /home/tfarley/data/movies/diagnostic_pc_transfer/next_mast_u_shot_no.csv
Submitted rit intershot job
Your job 7373058 ("rit_analyse_last_shot.py") has been submitted

Submitted rir intershot job
Your job 7373059 ("rir_analyse_last_shot.py") has been submitted

2021-09-22 20:00:42.592368: Shot number 45012 is correct
2021-09-22 20:10:50.555748: Shot number 45012 is correct
2021-09-22 20:15:06.857929: Incorrect shot number "45013" in /home/tfarley/data/movies/diagnostic_pc_transfer/next_mast_u_shot_no.csv (should be "45012", diff=-1). Waiting 2.5 mins to update file
2021-09-22 20:17:36.958693: Wrote shot number 45012 to /home/tfarley/data/movies/diagnostic_pc_transfer/next_mast_u_shot_no.csv
Submitted rit intershot job
Your job 7373104 ("rit_analyse_last_shot.py") has been submitted

Submitted rir intershot job
Your job 7373105 ("rir_analyse_last_shot.py") has been submitted
